2022-05-16 15:05:724 INFO  ManageDriver :31 - Launching Chrome Browser
2022-05-16 15:05:612 INFO  HomePage :56 - Clicking on SignInHeader[[ChromeDriver: chrome on WINDOWS (ed14be93a39f6018bb1f055550e8134c)] -> xpath: //a[contains(text(),'Sign in')]]
2022-05-16 15:05:692 INFO  CreateAccountPage :132 - Enter emailsoft12345@gmail.com to email field [[ChromeDriver: chrome on WINDOWS (ed14be93a39f6018bb1f055550e8134c)] -> xpath: //input[@id='email_create']]
2022-05-16 15:05:742 INFO  CreateAccountPage :114 - Clicking on CreateAccount[[ChromeDriver: chrome on WINDOWS (ed14be93a39f6018bb1f055550e8134c)] -> xpath: //body[1]/div[1]/div[2]/div[1]/div[3]/div[1]/div[1]/div[1]/form[1]/div[1]/div[3]/button[1]/span[1]]
2022-05-16 15:05:21 INFO  CreateAccountPage :119 - Clicking on Gender button[[ChromeDriver: chrome on WINDOWS (ed14be93a39f6018bb1f055550e8134c)] -> xpath: //input[@id='id_gender2']]
2022-05-16 15:05:38 INFO  CreateAccountPage :122 - Enter firstnameJohnato firstname field[[ChromeDriver: chrome on WINDOWS (ed14be93a39f6018bb1f055550e8134c)] -> xpath: //input[@id='customer_firstname']]
2022-05-16 15:05:141 INFO  CreateAccountPage :127 - Enter LastNameSmith to email field [[ChromeDriver: chrome on WINDOWS (ed14be93a39f6018bb1f055550e8134c)] -> xpath: //input[@id='customer_lastname']]
2022-05-16 15:05:212 INFO  CreateAccountPage :142 - Enter Password abc12345 to email field [[ChromeDriver: chrome on WINDOWS (ed14be93a39f6018bb1f055550e8134c)] -> xpath: //input[@id='email']]
2022-05-16 15:05:297 INFO  CreateAccountPage :147 - Selecting day15 from dropdown [[ChromeDriver: chrome on WINDOWS (ed14be93a39f6018bb1f055550e8134c)] -> xpath: //select[@id='days']]
2022-05-16 15:05:371 INFO  CreateAccountPage :152 - Selecting Month11 from dropdown [[ChromeDriver: chrome on WINDOWS (ed14be93a39f6018bb1f055550e8134c)] -> id: months]
2022-05-16 15:05:430 INFO  CreateAccountPage :157 - Selecting Year2005 from dropdown [[ChromeDriver: chrome on WINDOWS (ed14be93a39f6018bb1f055550e8134c)] -> id: years]
2022-05-16 15:05:485 INFO  CreateAccountPage :172 - Enter FirstnameMiss smith to email field [[ChromeDriver: chrome on WINDOWS (ed14be93a39f6018bb1f055550e8134c)] -> xpath: //input[@id='firstname']]
2022-05-16 15:05:536 INFO  CreateAccountPage :178 - Enter address LastnameGeorge to email field [[ChromeDriver: chrome on WINDOWS (ed14be93a39f6018bb1f055550e8134c)] -> xpath: //input[@id='lastname']]
2022-05-16 15:05:617 INFO  CreateAccountPage :183 - Enter address Companyjvc ltd to email field [[ChromeDriver: chrome on WINDOWS (ed14be93a39f6018bb1f055550e8134c)] -> xpath: //input[@id='company']]
2022-05-16 15:05:670 INFO  CreateAccountPage :188 - Enter address office10,west town to email field [[ChromeDriver: chrome on WINDOWS (ed14be93a39f6018bb1f055550e8134c)] -> xpath: //input[@id='address1']]
2022-05-16 15:05:723 INFO  CreateAccountPage :198 - Enter address CityLeedsto email field [[ChromeDriver: chrome on WINDOWS (ed14be93a39f6018bb1f055550e8134c)] -> xpath: //input[@id='city']]
2022-05-16 15:05:777 INFO  CreateAccountPage :204 - Select address StateOhio to email field [[ChromeDriver: chrome on WINDOWS (ed14be93a39f6018bb1f055550e8134c)] -> xpath: //select[@id='id_state']]
2022-05-16 15:05:832 INFO  CreateAccountPage :209 - Enter address ZipCode32184 to email field [[ChromeDriver: chrome on WINDOWS (ed14be93a39f6018bb1f055550e8134c)] -> xpath: //input[@id='postcode']]
2022-05-16 15:05:863 INFO  CreateAccountPage :214 - Selecting address CountryUnited States from dropdown [[ChromeDriver: chrome on WINDOWS (ed14be93a39f6018bb1f055550e8134c)] -> xpath: //select[@id='id_country']]
2022-05-16 15:05:914 INFO  CreateAccountPage :219 - Enter address AddInfo Nothing to email field [[ChromeDriver: chrome on WINDOWS (ed14be93a39f6018bb1f055550e8134c)] -> xpath: //textarea[@id='other']]
2022-05-16 15:05:971 INFO  CreateAccountPage :224 - Enter address Homephone 0778456321 to email field [[ChromeDriver: chrome on WINDOWS (ed14be93a39f6018bb1f055550e8134c)] -> xpath: //input[@id='phone']]
2022-05-16 15:05:29 INFO  CreateAccountPage :229 - Enter address Mobile phone 01574562112 to email field [[ChromeDriver: chrome on WINDOWS (ed14be93a39f6018bb1f055550e8134c)] -> xpath: //input[@id='phone_mobile']]
2022-05-16 15:05:85 INFO  CreateAccountPage :193 - Enter addressLine210,Liverpool Street to email field [[ChromeDriver: chrome on WINDOWS (ed14be93a39f6018bb1f055550e8134c)] -> xpath: //input[@id='address1']]
2022-05-16 15:05:781 INFO  CreateAccountPage :239 - Clicking on Register[[ChromeDriver: chrome on WINDOWS (ed14be93a39f6018bb1f055550e8134c)] -> xpath: //body[1]/div[1]/div[2]/div[1]/div[3]/div[1]/div[1]/form[1]/div[4]/button[1]/span[1]]
2022-05-16 15:05:795 INFO  CreateAccountPage :243 - Verifying my account text[[ChromeDriver: chrome on WINDOWS (ed14be93a39f6018bb1f055550e8134c)] -> xpath: //h1[contains(text(),'My account')]]
2022-05-16 15:05:869 INFO  SignInPage :74 - getting Authentification text from Proxy element for: DefaultElementLocator 'By.xpath: //h1[contains(text(),'Authentication')]'
2022-05-16 15:05:763 INFO  ManageDriver :31 - Launching Chrome Browser
2022-05-16 15:05:883 INFO  HomePage :56 - Clicking on SignInHeader[[ChromeDriver: chrome on WINDOWS (0a9f21b38717b05f8af9cc05542efd9a)] -> xpath: //a[contains(text(),'Sign in')]]
2022-05-16 15:05:896 INFO  SignInPage :74 - getting Authentification text from [[ChromeDriver: chrome on WINDOWS (0a9f21b38717b05f8af9cc05542efd9a)] -> xpath: //h1[contains(text(),'Authentication')]]
2022-05-16 15:05:544 INFO  ManageDriver :31 - Launching Chrome Browser
2022-05-16 15:05:881 INFO  HomePage :56 - Clicking on SignInHeader[[ChromeDriver: chrome on WINDOWS (3d81dbcb14f6d7f2b96e094239e59399)] -> xpath: //a[contains(text(),'Sign in')]]
2022-05-16 15:05:923 INFO  SignInPage :55 - Enter email to email field [[ChromeDriver: chrome on WINDOWS (3d81dbcb14f6d7f2b96e094239e59399)] -> xpath: //input[@id='email']]
2022-05-16 15:05:935 INFO  SignInPage :58 - Enter Password123456 to email field [[ChromeDriver: chrome on WINDOWS (3d81dbcb14f6d7f2b96e094239e59399)] -> xpath: //input[@id='passwd']]
2022-05-16 15:05:905 INFO  SignInPage :65 - Clicking on SignIn[[ChromeDriver: chrome on WINDOWS (3d81dbcb14f6d7f2b96e094239e59399)] -> xpath: //body[1]/div[1]/div[2]/div[1]/div[3]/div[1]/div[1]/div[2]/form[1]/div[1]/p[2]/button[1]/span[1]]
2022-05-16 15:05:916 INFO  SignInPage :88 - getting Error text from [[ChromeDriver: chrome on WINDOWS (3d81dbcb14f6d7f2b96e094239e59399)] -> xpath: //div[@class='alert alert-danger']//li]
2022-05-16 15:05:549 INFO  ManageDriver :31 - Launching Chrome Browser
2022-05-16 15:05:991 INFO  HomePage :56 - Clicking on SignInHeader[[ChromeDriver: chrome on WINDOWS (21fd78c45ae80f503ccc5e8247974b2a)] -> xpath: //a[contains(text(),'Sign in')]]
2022-05-16 15:05:50 INFO  SignInPage :55 - Enter emailabcd@gmail.com to email field [[ChromeDriver: chrome on WINDOWS (21fd78c45ae80f503ccc5e8247974b2a)] -> xpath: //input[@id='email']]
2022-05-16 15:05:62 INFO  SignInPage :58 - Enter Password to email field [[ChromeDriver: chrome on WINDOWS (21fd78c45ae80f503ccc5e8247974b2a)] -> xpath: //input[@id='passwd']]
2022-05-16 15:05:51 INFO  SignInPage :65 - Clicking on SignIn[[ChromeDriver: chrome on WINDOWS (21fd78c45ae80f503ccc5e8247974b2a)] -> xpath: //body[1]/div[1]/div[2]/div[1]/div[3]/div[1]/div[1]/div[2]/form[1]/div[1]/p[2]/button[1]/span[1]]
2022-05-16 15:05:64 INFO  SignInPage :88 - getting Error text from [[ChromeDriver: chrome on WINDOWS (21fd78c45ae80f503ccc5e8247974b2a)] -> xpath: //div[@class='alert alert-danger']//li]
2022-05-16 15:05:714 INFO  ManageDriver :31 - Launching Chrome Browser
2022-05-16 15:05:120 INFO  HomePage :56 - Clicking on SignInHeader[[ChromeDriver: chrome on WINDOWS (a0ee2267bb62af714fbfea17129897ba)] -> xpath: //a[contains(text(),'Sign in')]]
2022-05-16 15:05:182 INFO  SignInPage :55 - Enter emailadfdfgfg to email field [[ChromeDriver: chrome on WINDOWS (a0ee2267bb62af714fbfea17129897ba)] -> xpath: //input[@id='email']]
2022-05-16 15:05:193 INFO  SignInPage :58 - Enter Password123456 to email field [[ChromeDriver: chrome on WINDOWS (a0ee2267bb62af714fbfea17129897ba)] -> xpath: //input[@id='passwd']]
2022-05-16 15:05:489 INFO  SignInPage :65 - Clicking on SignIn[[ChromeDriver: chrome on WINDOWS (a0ee2267bb62af714fbfea17129897ba)] -> xpath: //body[1]/div[1]/div[2]/div[1]/div[3]/div[1]/div[1]/div[2]/form[1]/div[1]/p[2]/button[1]/span[1]]
2022-05-16 15:05:504 INFO  SignInPage :88 - getting Error text from [[ChromeDriver: chrome on WINDOWS (a0ee2267bb62af714fbfea17129897ba)] -> xpath: //div[@class='alert alert-danger']//li]
2022-05-16 15:05:149 INFO  ManageDriver :31 - Launching Chrome Browser
2022-05-16 15:05:444 INFO  HomePage :56 - Clicking on SignInHeader[[ChromeDriver: chrome on WINDOWS (5aa433be764719d84ea89c99b14e2f12)] -> xpath: //a[contains(text(),'Sign in')]]
2022-05-16 15:05:497 INFO  SignInPage :55 - Enter emailabcd@gmail.com to email field [[ChromeDriver: chrome on WINDOWS (5aa433be764719d84ea89c99b14e2f12)] -> xpath: //input[@id='email']]
2022-05-16 15:05:508 INFO  SignInPage :58 - Enter Password123456 to email field [[ChromeDriver: chrome on WINDOWS (5aa433be764719d84ea89c99b14e2f12)] -> xpath: //input[@id='passwd']]
2022-05-16 15:05:441 INFO  SignInPage :65 - Clicking on SignIn[[ChromeDriver: chrome on WINDOWS (5aa433be764719d84ea89c99b14e2f12)] -> xpath: //body[1]/div[1]/div[2]/div[1]/div[3]/div[1]/div[1]/div[2]/form[1]/div[1]/p[2]/button[1]/span[1]]
2022-05-16 15:05:452 INFO  SignInPage :88 - getting Error text from [[ChromeDriver: chrome on WINDOWS (5aa433be764719d84ea89c99b14e2f12)] -> xpath: //div[@class='alert alert-danger']//li]
2022-05-16 15:05:95 INFO  ManageDriver :31 - Launching Chrome Browser
2022-05-16 15:05:198 INFO  HomePage :56 - Clicking on SignInHeader[[ChromeDriver: chrome on WINDOWS (7ce664851ffd3931e35a3687ceaf1b16)] -> xpath: //a[contains(text(),'Sign in')]]
2022-05-16 15:05:259 INFO  SignInPage :55 - Enter emailsoft1235@gmail.com to email field [[ChromeDriver: chrome on WINDOWS (7ce664851ffd3931e35a3687ceaf1b16)] -> xpath: //input[@id='email']]
2022-05-16 15:05:270 INFO  SignInPage :58 - Enter Passwordabc12345 to email field [[ChromeDriver: chrome on WINDOWS (7ce664851ffd3931e35a3687ceaf1b16)] -> xpath: //input[@id='passwd']]
2022-05-16 15:05:10 INFO  SignInPage :65 - Clicking on SignIn[[ChromeDriver: chrome on WINDOWS (7ce664851ffd3931e35a3687ceaf1b16)] -> xpath: //body[1]/div[1]/div[2]/div[1]/div[3]/div[1]/div[1]/div[2]/form[1]/div[1]/p[2]/button[1]/span[1]]
2022-05-16 15:05:25 INFO  SignInPage :96 - getting signout from [[ChromeDriver: chrome on WINDOWS (7ce664851ffd3931e35a3687ceaf1b16)] -> xpath: //a[@title='Log me out']]
2022-05-16 15:05:683 INFO  ManageDriver :31 - Launching Chrome Browser
2022-05-16 15:05:708 INFO  HomePage :56 - Clicking on SignInHeader[[ChromeDriver: chrome on WINDOWS (9d05a81fa9654ed8d2330ec1c03dbc37)] -> xpath: //a[contains(text(),'Sign in')]]
2022-05-16 15:05:763 INFO  SignInPage :55 - Enter emailtin@mail.com to email field [[ChromeDriver: chrome on WINDOWS (9d05a81fa9654ed8d2330ec1c03dbc37)] -> xpath: //input[@id='email']]
2022-05-16 15:05:776 INFO  SignInPage :58 - Enter Passwordabc123 to email field [[ChromeDriver: chrome on WINDOWS (9d05a81fa9654ed8d2330ec1c03dbc37)] -> xpath: //input[@id='passwd']]
2022-05-16 15:05:408 INFO  SignInPage :65 - Clicking on SignIn[[ChromeDriver: chrome on WINDOWS (9d05a81fa9654ed8d2330ec1c03dbc37)] -> xpath: //body[1]/div[1]/div[2]/div[1]/div[3]/div[1]/div[1]/div[2]/form[1]/div[1]/p[2]/button[1]/span[1]]
2022-05-16 15:05:512 INFO  SignInPage :93 - Clicking on SignOutLink[[ChromeDriver: chrome on WINDOWS (9d05a81fa9654ed8d2330ec1c03dbc37)] -> xpath: //header/div[2]/div[1]/div[1]/nav[1]/div[2]/a[1]]
2022-05-16 15:05:525 INFO  SignInPage :100 - getting signIn text from [[ChromeDriver: chrome on WINDOWS (9d05a81fa9654ed8d2330ec1c03dbc37)] -> xpath: //a[contains(text(),'Sign in')]]
2022-05-16 15:05:280 INFO  ManageDriver :31 - Launching Chrome Browser
2022-05-16 15:05:388 INFO  HomePage :41 - Clicking on WomenHeader[[ChromeDriver: chrome on WINDOWS (8c9f4d90f76365337b5fa468e22fc1b2)] -> xpath: //header/div[3]/div[1]/div[1]/div[6]/ul[1]/li[1]/a[1]]
2022-05-16 15:05:404 INFO  WomenCategoryPage :87 - getting Women text from [[ChromeDriver: chrome on WINDOWS (8c9f4d90f76365337b5fa468e22fc1b2)] -> xpath: //span[@class='category-name']]
2022-05-16 15:05:42 INFO  ManageDriver :31 - Launching Chrome Browser
2022-05-16 15:05:237 INFO  HomePage :41 - Clicking on WomenHeader[[ChromeDriver: chrome on WINDOWS (14ba34249dbe9d8f8c863994509e2c5c)] -> xpath: //header/div[3]/div[1]/div[1]/div[6]/ul[1]/li[1]/a[1]]
2022-05-16 15:05:62 INFO  WomenCategoryPage :59 - Clicking on Blouse [[ChromeDriver: chrome on WINDOWS (14ba34249dbe9d8f8c863994509e2c5c)] -> xpath: //body/div[@id='page']/div[2]/div[1]/div[3]/div[2]/ul[1]/li[2]/div[1]/div[2]/h5[1]/a[1]]
2022-05-16 15:05:73 INFO  ProductPage :74 - clear Quantity[[ChromeDriver: chrome on WINDOWS (14ba34249dbe9d8f8c863994509e2c5c)] -> xpath: //input[@id='quantity_wanted']]
2022-05-16 15:05:136 INFO  ProductPage :80 - Enter email2 to email field [[ChromeDriver: chrome on WINDOWS (14ba34249dbe9d8f8c863994509e2c5c)] -> xpath: //input[@id='quantity_wanted']]
2022-05-16 15:05:208 INFO  ProductPage :85 - Selecting SizeM from dropdown [[ChromeDriver: chrome on WINDOWS (14ba34249dbe9d8f8c863994509e2c5c)] -> xpath: //select[@id='group_1']]
2022-05-16 15:05:250 INFO  ProductPage :95 - Clicking on AddToCart[[ChromeDriver: chrome on WINDOWS (14ba34249dbe9d8f8c863994509e2c5c)] -> xpath: //span[contains(text(),'Add to cart')]]
2022-05-16 15:05:275 INFO  ProductPage :104 - getting Product Added To CartMessage from [[ChromeDriver: chrome on WINDOWS (14ba34249dbe9d8f8c863994509e2c5c)] -> xpath: //h2[normalize-space()='Product successfully added to your shopping cart']]
2022-05-16 15:05:319 INFO  ProductPage :109 - Clicking on CloseButton[[ChromeDriver: chrome on WINDOWS (14ba34249dbe9d8f8c863994509e2c5c)] -> xpath: //span[@title='Close window']]
2022-05-16 15:05:976 INFO  ManageDriver :31 - Launching Chrome Browser
2022-05-16 15:05:655 INFO  HomePage :41 - Clicking on WomenHeader[[ChromeDriver: chrome on WINDOWS (9e8caf89c324262c32ffc1be3566a8bd)] -> xpath: //header/div[3]/div[1]/div[1]/div[6]/ul[1]/li[1]/a[1]]
2022-05-16 15:05:669 INFO  WomenCategoryPage :63 - Clicking on Printed Dress [[ChromeDriver: chrome on WINDOWS (9e8caf89c324262c32ffc1be3566a8bd)] -> xpath: //body/div[@id='page']/div[2]/div[1]/div[3]/div[2]/ul[1]/li[1]/div[1]/div[2]/h5[1]/a[1]]
2022-05-16 15:05:500 INFO  ProductPage :74 - clear Quantity[[ChromeDriver: chrome on WINDOWS (9e8caf89c324262c32ffc1be3566a8bd)] -> xpath: //input[@id='quantity_wanted']]
2022-05-16 15:05:558 INFO  ProductPage :80 - Enter email3 to email field [[ChromeDriver: chrome on WINDOWS (9e8caf89c324262c32ffc1be3566a8bd)] -> xpath: //input[@id='quantity_wanted']]
2022-05-16 15:05:625 INFO  ProductPage :85 - Selecting SizeL from dropdown [[ChromeDriver: chrome on WINDOWS (9e8caf89c324262c32ffc1be3566a8bd)] -> xpath: //select[@id='group_1']]
2022-05-16 15:05:669 INFO  ProductPage :95 - Clicking on AddToCart[[ChromeDriver: chrome on WINDOWS (9e8caf89c324262c32ffc1be3566a8bd)] -> xpath: //span[contains(text(),'Add to cart')]]
2022-05-16 15:05:702 INFO  ProductPage :104 - getting Product Added To CartMessage from [[ChromeDriver: chrome on WINDOWS (9e8caf89c324262c32ffc1be3566a8bd)] -> xpath: //h2[normalize-space()='Product successfully added to your shopping cart']]
2022-05-16 15:05:772 INFO  ProductPage :109 - Clicking on CloseButton[[ChromeDriver: chrome on WINDOWS (9e8caf89c324262c32ffc1be3566a8bd)] -> xpath: //span[@title='Close window']]
2022-05-16 15:05:421 INFO  ManageDriver :31 - Launching Chrome Browser
2022-05-16 15:05:25 INFO  HomePage :41 - Clicking on WomenHeader[[ChromeDriver: chrome on WINDOWS (7589335458880f5751b5773076c2f61a)] -> xpath: //header/div[3]/div[1]/div[1]/div[6]/ul[1]/li[1]/a[1]]
2022-05-16 15:05:111 INFO  WomenCategoryPage :68 - Clicking on Printed Chiffon Dress [[ChromeDriver: chrome on WINDOWS (7589335458880f5751b5773076c2f61a)] -> xpath: //a[contains(text(),'Printed Chiffon Dress')]]
2022-05-16 15:05:123 INFO  ProductPage :74 - clear Quantity[[ChromeDriver: chrome on WINDOWS (7589335458880f5751b5773076c2f61a)] -> xpath: //input[@id='quantity_wanted']]
2022-05-16 15:05:176 INFO  ProductPage :80 - Enter email4 to email field [[ChromeDriver: chrome on WINDOWS (7589335458880f5751b5773076c2f61a)] -> xpath: //input[@id='quantity_wanted']]
2022-05-16 15:05:207 INFO  ProductPage :85 - Selecting SizeS from dropdown [[ChromeDriver: chrome on WINDOWS (7589335458880f5751b5773076c2f61a)] -> xpath: //select[@id='group_1']]
2022-05-16 15:05:246 INFO  ProductPage :95 - Clicking on AddToCart[[ChromeDriver: chrome on WINDOWS (7589335458880f5751b5773076c2f61a)] -> xpath: //span[contains(text(),'Add to cart')]]
2022-05-16 15:05:274 INFO  ProductPage :104 - getting Product Added To CartMessage from [[ChromeDriver: chrome on WINDOWS (7589335458880f5751b5773076c2f61a)] -> xpath: //h2[normalize-space()='Product successfully added to your shopping cart']]
2022-05-16 15:05:327 INFO  ProductPage :109 - Clicking on CloseButton[[ChromeDriver: chrome on WINDOWS (7589335458880f5751b5773076c2f61a)] -> xpath: //span[@title='Close window']]
2022-05-16 15:05:992 INFO  ManageDriver :31 - Launching Chrome Browser
2022-05-16 15:05:343 INFO  HomePage :41 - Clicking on WomenHeader[[ChromeDriver: chrome on WINDOWS (fd6302219bf1c24919a069ab91a3ba59)] -> xpath: //header/div[3]/div[1]/div[1]/div[6]/ul[1]/li[1]/a[1]]
2022-05-16 15:05:648 INFO  WomenCategoryPage :72 - Clicking on Printed Summer Dress with Price tag $28.98 [[ChromeDriver: chrome on WINDOWS (fd6302219bf1c24919a069ab91a3ba59)] -> xpath: //body/div[@id='page']/div[2]/div[1]/div[3]/div[2]/ul[1]/li[3]/div[1]/div[2]/h5[1]/a[1]]
2022-05-16 15:05:660 INFO  ProductPage :74 - clear Quantity[[ChromeDriver: chrome on WINDOWS (fd6302219bf1c24919a069ab91a3ba59)] -> xpath: //input[@id='quantity_wanted']]
2022-05-16 15:05:722 INFO  ProductPage :80 - Enter email2 to email field [[ChromeDriver: chrome on WINDOWS (fd6302219bf1c24919a069ab91a3ba59)] -> xpath: //input[@id='quantity_wanted']]
2022-05-16 15:05:781 INFO  ProductPage :85 - Selecting SizeM from dropdown [[ChromeDriver: chrome on WINDOWS (fd6302219bf1c24919a069ab91a3ba59)] -> xpath: //select[@id='group_1']]
2022-05-16 15:05:824 INFO  ProductPage :95 - Clicking on AddToCart[[ChromeDriver: chrome on WINDOWS (fd6302219bf1c24919a069ab91a3ba59)] -> xpath: //span[contains(text(),'Add to cart')]]
2022-05-16 15:05:862 INFO  ProductPage :104 - getting Product Added To CartMessage from [[ChromeDriver: chrome on WINDOWS (fd6302219bf1c24919a069ab91a3ba59)] -> xpath: //h2[normalize-space()='Product successfully added to your shopping cart']]
2022-05-16 15:05:919 INFO  ProductPage :109 - Clicking on CloseButton[[ChromeDriver: chrome on WINDOWS (fd6302219bf1c24919a069ab91a3ba59)] -> xpath: //span[@title='Close window']]
2022-05-17 22:05:639 INFO  ManageDriver :31 - Launching Chrome Browser
2022-05-17 22:05:715 INFO  HomePage :56 - Clicking on SignInHeader[[ChromeDriver: chrome on WINDOWS (22c7f491db7a35ca1ec4e4a887ce9d28)] -> xpath: //a[contains(text(),'Sign in')]]
2022-05-17 22:05:815 INFO  CreateAccountPage :132 - Enter emailsoft12344@gmail.com to email field [[ChromeDriver: chrome on WINDOWS (22c7f491db7a35ca1ec4e4a887ce9d28)] -> xpath: //input[@id='email_create']]
2022-05-17 22:05:888 INFO  CreateAccountPage :114 - Clicking on CreateAccount[[ChromeDriver: chrome on WINDOWS (22c7f491db7a35ca1ec4e4a887ce9d28)] -> xpath: //body[1]/div[1]/div[2]/div[1]/div[3]/div[1]/div[1]/div[1]/form[1]/div[1]/div[3]/button[1]/span[1]]
2022-05-17 22:05:65 INFO  CreateAccountPage :119 - Clicking on Gender button[[ChromeDriver: chrome on WINDOWS (22c7f491db7a35ca1ec4e4a887ce9d28)] -> xpath: //input[@id='id_gender2']]
2022-05-17 22:05:100 INFO  CreateAccountPage :122 - Enter firstnameJohnato firstname field[[ChromeDriver: chrome on WINDOWS (22c7f491db7a35ca1ec4e4a887ce9d28)] -> xpath: //input[@id='customer_firstname']]
2022-05-17 22:05:348 INFO  CreateAccountPage :127 - Enter LastNameSmith to email field [[ChromeDriver: chrome on WINDOWS (22c7f491db7a35ca1ec4e4a887ce9d28)] -> xpath: //input[@id='customer_lastname']]
2022-05-17 22:05:542 INFO  CreateAccountPage :142 - Enter Password abc12345 to email field [[ChromeDriver: chrome on WINDOWS (22c7f491db7a35ca1ec4e4a887ce9d28)] -> xpath: //input[@id='email']]
2022-05-17 22:05:795 INFO  CreateAccountPage :147 - Selecting day15 from dropdown [[ChromeDriver: chrome on WINDOWS (22c7f491db7a35ca1ec4e4a887ce9d28)] -> xpath: //select[@id='days']]
2022-05-17 22:05:949 INFO  CreateAccountPage :152 - Selecting Month11 from dropdown [[ChromeDriver: chrome on WINDOWS (22c7f491db7a35ca1ec4e4a887ce9d28)] -> id: months]
2022-05-17 22:05:79 INFO  CreateAccountPage :157 - Selecting Year2005 from dropdown [[ChromeDriver: chrome on WINDOWS (22c7f491db7a35ca1ec4e4a887ce9d28)] -> id: years]
2022-05-17 22:05:283 INFO  CreateAccountPage :172 - Enter FirstnameMiss smith to email field [[ChromeDriver: chrome on WINDOWS (22c7f491db7a35ca1ec4e4a887ce9d28)] -> xpath: //input[@id='firstname']]
2022-05-17 22:05:429 INFO  CreateAccountPage :178 - Enter address LastnameGeorge to email field [[ChromeDriver: chrome on WINDOWS (22c7f491db7a35ca1ec4e4a887ce9d28)] -> xpath: //input[@id='lastname']]
2022-05-17 22:05:594 INFO  CreateAccountPage :183 - Enter address Companyjvc ltd to email field [[ChromeDriver: chrome on WINDOWS (22c7f491db7a35ca1ec4e4a887ce9d28)] -> xpath: //input[@id='company']]
2022-05-17 22:05:771 INFO  CreateAccountPage :188 - Enter address office10,west town to email field [[ChromeDriver: chrome on WINDOWS (22c7f491db7a35ca1ec4e4a887ce9d28)] -> xpath: //input[@id='address1']]
2022-05-17 22:05:902 INFO  CreateAccountPage :198 - Enter address CityLeedsto email field [[ChromeDriver: chrome on WINDOWS (22c7f491db7a35ca1ec4e4a887ce9d28)] -> xpath: //input[@id='city']]
2022-05-17 22:05:30 INFO  CreateAccountPage :204 - Select address StateOhio to email field [[ChromeDriver: chrome on WINDOWS (22c7f491db7a35ca1ec4e4a887ce9d28)] -> xpath: //select[@id='id_state']]
2022-05-17 22:05:148 INFO  CreateAccountPage :209 - Enter address ZipCode32184 to email field [[ChromeDriver: chrome on WINDOWS (22c7f491db7a35ca1ec4e4a887ce9d28)] -> xpath: //input[@id='postcode']]
2022-05-17 22:05:213 INFO  CreateAccountPage :214 - Selecting address CountryUnited States from dropdown [[ChromeDriver: chrome on WINDOWS (22c7f491db7a35ca1ec4e4a887ce9d28)] -> xpath: //select[@id='id_country']]
2022-05-17 22:05:328 INFO  CreateAccountPage :219 - Enter address AddInfo Nothing to email field [[ChromeDriver: chrome on WINDOWS (22c7f491db7a35ca1ec4e4a887ce9d28)] -> xpath: //textarea[@id='other']]
2022-05-17 22:05:496 INFO  CreateAccountPage :224 - Enter address Homephone 0778456321 to email field [[ChromeDriver: chrome on WINDOWS (22c7f491db7a35ca1ec4e4a887ce9d28)] -> xpath: //input[@id='phone']]
2022-05-17 22:05:627 INFO  CreateAccountPage :229 - Enter address Mobile phone 01574562112 to email field [[ChromeDriver: chrome on WINDOWS (22c7f491db7a35ca1ec4e4a887ce9d28)] -> xpath: //input[@id='phone_mobile']]
2022-05-17 22:05:755 INFO  CreateAccountPage :193 - Enter addressLine210,Liverpool Street to email field [[ChromeDriver: chrome on WINDOWS (22c7f491db7a35ca1ec4e4a887ce9d28)] -> xpath: //input[@id='address1']]
2022-05-17 22:05:566 INFO  CreateAccountPage :239 - Clicking on Register[[ChromeDriver: chrome on WINDOWS (22c7f491db7a35ca1ec4e4a887ce9d28)] -> xpath: //body[1]/div[1]/div[2]/div[1]/div[3]/div[1]/div[1]/form[1]/div[4]/button[1]/span[1]]
2022-05-17 22:05:592 INFO  CreateAccountPage :243 - Verifying my account text[[ChromeDriver: chrome on WINDOWS (22c7f491db7a35ca1ec4e4a887ce9d28)] -> xpath: //h1[contains(text(),'My account')]]
2022-05-17 22:05:646 INFO  SignInPage :74 - getting Authentification text from Proxy element for: DefaultElementLocator 'By.xpath: //h1[contains(text(),'Authentication')]'
2022-05-17 22:05:581 INFO  ManageDriver :31 - Launching Chrome Browser
2022-05-17 22:05:703 INFO  HomePage :56 - Clicking on SignInHeader[[ChromeDriver: chrome on WINDOWS (e21ed7fec51410b54c4161d7ed612703)] -> xpath: //a[contains(text(),'Sign in')]]
2022-05-17 22:05:723 INFO  SignInPage :74 - getting Authentification text from [[ChromeDriver: chrome on WINDOWS (e21ed7fec51410b54c4161d7ed612703)] -> xpath: //h1[contains(text(),'Authentication')]]
2022-05-17 22:05:588 INFO  ManageDriver :31 - Launching Chrome Browser
2022-05-17 22:05:746 INFO  HomePage :56 - Clicking on SignInHeader[[ChromeDriver: chrome on WINDOWS (28074c84a6c69f711f2cad18b039eb0d)] -> xpath: //a[contains(text(),'Sign in')]]
2022-05-17 22:05:942 INFO  SignInPage :55 - Enter email to email field [[ChromeDriver: chrome on WINDOWS (28074c84a6c69f711f2cad18b039eb0d)] -> xpath: //input[@id='email']]
2022-05-17 22:05:984 INFO  SignInPage :58 - Enter Password123456 to email field [[ChromeDriver: chrome on WINDOWS (28074c84a6c69f711f2cad18b039eb0d)] -> xpath: //input[@id='passwd']]
2022-05-17 22:05:213 INFO  SignInPage :65 - Clicking on SignIn[[ChromeDriver: chrome on WINDOWS (28074c84a6c69f711f2cad18b039eb0d)] -> xpath: //body[1]/div[1]/div[2]/div[1]/div[3]/div[1]/div[1]/div[2]/form[1]/div[1]/p[2]/button[1]/span[1]]
2022-05-17 22:05:229 INFO  SignInPage :88 - getting Error text from [[ChromeDriver: chrome on WINDOWS (28074c84a6c69f711f2cad18b039eb0d)] -> xpath: //div[@class='alert alert-danger']//li]
2022-05-17 22:05:23 INFO  ManageDriver :31 - Launching Chrome Browser
2022-05-17 22:05:873 INFO  HomePage :56 - Clicking on SignInHeader[[ChromeDriver: chrome on WINDOWS (3273b97530901a82c1681c1c6482607e)] -> xpath: //a[contains(text(),'Sign in')]]
2022-05-17 22:05:06 INFO  SignInPage :55 - Enter emailabcd@gmail.com to email field [[ChromeDriver: chrome on WINDOWS (3273b97530901a82c1681c1c6482607e)] -> xpath: //input[@id='email']]
2022-05-17 22:05:33 INFO  SignInPage :58 - Enter Password to email field [[ChromeDriver: chrome on WINDOWS (3273b97530901a82c1681c1c6482607e)] -> xpath: //input[@id='passwd']]
2022-05-17 22:05:823 INFO  SignInPage :65 - Clicking on SignIn[[ChromeDriver: chrome on WINDOWS (3273b97530901a82c1681c1c6482607e)] -> xpath: //body[1]/div[1]/div[2]/div[1]/div[3]/div[1]/div[1]/div[2]/form[1]/div[1]/p[2]/button[1]/span[1]]
2022-05-17 22:05:846 INFO  SignInPage :88 - getting Error text from [[ChromeDriver: chrome on WINDOWS (3273b97530901a82c1681c1c6482607e)] -> xpath: //div[@class='alert alert-danger']//li]
2022-05-17 22:05:684 INFO  ManageDriver :31 - Launching Chrome Browser
2022-05-17 22:05:597 INFO  HomePage :56 - Clicking on SignInHeader[[ChromeDriver: chrome on WINDOWS (32615bf28e7dc864cd3efcb62452cec5)] -> xpath: //a[contains(text(),'Sign in')]]
2022-05-17 22:05:713 INFO  SignInPage :55 - Enter emailadfdfgfg to email field [[ChromeDriver: chrome on WINDOWS (32615bf28e7dc864cd3efcb62452cec5)] -> xpath: //input[@id='email']]
2022-05-17 22:05:739 INFO  SignInPage :58 - Enter Password123456 to email field [[ChromeDriver: chrome on WINDOWS (32615bf28e7dc864cd3efcb62452cec5)] -> xpath: //input[@id='passwd']]
2022-05-17 22:05:834 INFO  SignInPage :65 - Clicking on SignIn[[ChromeDriver: chrome on WINDOWS (32615bf28e7dc864cd3efcb62452cec5)] -> xpath: //body[1]/div[1]/div[2]/div[1]/div[3]/div[1]/div[1]/div[2]/form[1]/div[1]/p[2]/button[1]/span[1]]
2022-05-17 22:05:859 INFO  SignInPage :88 - getting Error text from [[ChromeDriver: chrome on WINDOWS (32615bf28e7dc864cd3efcb62452cec5)] -> xpath: //div[@class='alert alert-danger']//li]
2022-05-17 22:05:932 INFO  ManageDriver :31 - Launching Chrome Browser
2022-05-17 22:05:70 INFO  HomePage :56 - Clicking on SignInHeader[[ChromeDriver: chrome on WINDOWS (c4785314765bcb5c7c28bc4d88dd7243)] -> xpath: //a[contains(text(),'Sign in')]]
2022-05-17 22:05:168 INFO  SignInPage :55 - Enter emailabcd@gmail.com to email field [[ChromeDriver: chrome on WINDOWS (c4785314765bcb5c7c28bc4d88dd7243)] -> xpath: //input[@id='email']]
2022-05-17 22:05:191 INFO  SignInPage :58 - Enter Password123456 to email field [[ChromeDriver: chrome on WINDOWS (c4785314765bcb5c7c28bc4d88dd7243)] -> xpath: //input[@id='passwd']]
2022-05-17 22:05:189 INFO  SignInPage :65 - Clicking on SignIn[[ChromeDriver: chrome on WINDOWS (c4785314765bcb5c7c28bc4d88dd7243)] -> xpath: //body[1]/div[1]/div[2]/div[1]/div[3]/div[1]/div[1]/div[2]/form[1]/div[1]/p[2]/button[1]/span[1]]
2022-05-17 22:05:206 INFO  SignInPage :88 - getting Error text from [[ChromeDriver: chrome on WINDOWS (c4785314765bcb5c7c28bc4d88dd7243)] -> xpath: //div[@class='alert alert-danger']//li]
2022-05-17 22:05:939 INFO  ManageDriver :31 - Launching Chrome Browser
2022-05-17 22:05:878 INFO  HomePage :56 - Clicking on SignInHeader[[ChromeDriver: chrome on WINDOWS (afeb5a848a1330ea827b6d541c9ce29d)] -> xpath: //a[contains(text(),'Sign in')]]
2022-05-17 22:05:977 INFO  SignInPage :55 - Enter emailsoft1235@gmail.com to email field [[ChromeDriver: chrome on WINDOWS (afeb5a848a1330ea827b6d541c9ce29d)] -> xpath: //input[@id='email']]
2022-05-17 22:05:997 INFO  SignInPage :58 - Enter Passwordabc12345 to email field [[ChromeDriver: chrome on WINDOWS (afeb5a848a1330ea827b6d541c9ce29d)] -> xpath: //input[@id='passwd']]
2022-05-17 22:05:694 INFO  SignInPage :65 - Clicking on SignIn[[ChromeDriver: chrome on WINDOWS (afeb5a848a1330ea827b6d541c9ce29d)] -> xpath: //body[1]/div[1]/div[2]/div[1]/div[3]/div[1]/div[1]/div[2]/form[1]/div[1]/p[2]/button[1]/span[1]]
2022-05-17 22:05:708 INFO  SignInPage :96 - getting signout from [[ChromeDriver: chrome on WINDOWS (afeb5a848a1330ea827b6d541c9ce29d)] -> xpath: //a[@title='Log me out']]
2022-05-17 22:05:520 INFO  ManageDriver :31 - Launching Chrome Browser
2022-05-17 22:05:411 INFO  HomePage :56 - Clicking on SignInHeader[[ChromeDriver: chrome on WINDOWS (a7fc8097526075fd44b249439f3ae096)] -> xpath: //a[contains(text(),'Sign in')]]
2022-05-17 22:05:532 INFO  SignInPage :55 - Enter emailtin@mail.com to email field [[ChromeDriver: chrome on WINDOWS (a7fc8097526075fd44b249439f3ae096)] -> xpath: //input[@id='email']]
2022-05-17 22:05:549 INFO  SignInPage :58 - Enter Passwordabc123 to email field [[ChromeDriver: chrome on WINDOWS (a7fc8097526075fd44b249439f3ae096)] -> xpath: //input[@id='passwd']]
2022-05-17 22:05:706 INFO  SignInPage :65 - Clicking on SignIn[[ChromeDriver: chrome on WINDOWS (a7fc8097526075fd44b249439f3ae096)] -> xpath: //body[1]/div[1]/div[2]/div[1]/div[3]/div[1]/div[1]/div[2]/form[1]/div[1]/p[2]/button[1]/span[1]]
2022-05-17 22:05:789 INFO  SignInPage :93 - Clicking on SignOutLink[[ChromeDriver: chrome on WINDOWS (a7fc8097526075fd44b249439f3ae096)] -> xpath: //header/div[2]/div[1]/div[1]/nav[1]/div[2]/a[1]]
2022-05-17 22:05:806 INFO  SignInPage :100 - getting signIn text from [[ChromeDriver: chrome on WINDOWS (a7fc8097526075fd44b249439f3ae096)] -> xpath: //a[contains(text(),'Sign in')]]
2022-05-17 22:05:634 INFO  ManageDriver :31 - Launching Chrome Browser
2022-05-17 22:05:841 INFO  HomePage :41 - Clicking on WomenHeader[[ChromeDriver: chrome on WINDOWS (fcd2569424d2e8d3159528474845e508)] -> xpath: //header/div[3]/div[1]/div[1]/div[6]/ul[1]/li[1]/a[1]]
2022-05-17 22:05:876 INFO  WomenCategoryPage :87 - getting Women text from [[ChromeDriver: chrome on WINDOWS (fcd2569424d2e8d3159528474845e508)] -> xpath: //span[@class='category-name']]
2022-05-17 22:05:103 INFO  ManageDriver :31 - Launching Chrome Browser
2022-05-17 22:05:431 INFO  HomePage :41 - Clicking on WomenHeader[[ChromeDriver: chrome on WINDOWS (73fc33300fad22237f033510d7313a49)] -> xpath: //header/div[3]/div[1]/div[1]/div[6]/ul[1]/li[1]/a[1]]
2022-05-17 22:05:62 INFO  WomenCategoryPage :59 - Clicking on Blouse [[ChromeDriver: chrome on WINDOWS (73fc33300fad22237f033510d7313a49)] -> xpath: //body/div[@id='page']/div[2]/div[1]/div[3]/div[2]/ul[1]/li[2]/div[1]/div[2]/h5[1]/a[1]]
2022-05-17 22:05:78 INFO  ProductPage :74 - clear Quantity[[ChromeDriver: chrome on WINDOWS (73fc33300fad22237f033510d7313a49)] -> xpath: //input[@id='quantity_wanted']]
2022-05-17 22:05:150 INFO  ProductPage :80 - Enter email2 to email field [[ChromeDriver: chrome on WINDOWS (73fc33300fad22237f033510d7313a49)] -> xpath: //input[@id='quantity_wanted']]
2022-05-17 22:05:235 INFO  ProductPage :85 - Selecting SizeM from dropdown [[ChromeDriver: chrome on WINDOWS (73fc33300fad22237f033510d7313a49)] -> xpath: //select[@id='group_1']]
2022-05-17 22:05:293 INFO  ProductPage :95 - Clicking on AddToCart[[ChromeDriver: chrome on WINDOWS (73fc33300fad22237f033510d7313a49)] -> xpath: //span[contains(text(),'Add to cart')]]
2022-05-17 22:05:319 INFO  ProductPage :104 - getting Product Added To CartMessage from [[ChromeDriver: chrome on WINDOWS (73fc33300fad22237f033510d7313a49)] -> xpath: //h2[normalize-space()='Product successfully added to your shopping cart']]
2022-05-17 22:05:377 INFO  ProductPage :109 - Clicking on CloseButton[[ChromeDriver: chrome on WINDOWS (73fc33300fad22237f033510d7313a49)] -> xpath: //span[@title='Close window']]
2022-05-17 22:05:218 INFO  ManageDriver :31 - Launching Chrome Browser
2022-05-17 22:05:457 INFO  HomePage :41 - Clicking on WomenHeader[[ChromeDriver: chrome on WINDOWS (9afe08c3852238dbff09442042f01ad8)] -> xpath: //header/div[3]/div[1]/div[1]/div[6]/ul[1]/li[1]/a[1]]
2022-05-17 22:05:491 INFO  WomenCategoryPage :63 - Clicking on Printed Dress [[ChromeDriver: chrome on WINDOWS (9afe08c3852238dbff09442042f01ad8)] -> xpath: //body/div[@id='page']/div[2]/div[1]/div[3]/div[2]/ul[1]/li[1]/div[1]/div[2]/h5[1]/a[1]]
2022-05-17 22:05:722 INFO  ProductPage :74 - clear Quantity[[ChromeDriver: chrome on WINDOWS (9afe08c3852238dbff09442042f01ad8)] -> xpath: //input[@id='quantity_wanted']]
2022-05-17 22:05:884 INFO  ProductPage :80 - Enter email3 to email field [[ChromeDriver: chrome on WINDOWS (9afe08c3852238dbff09442042f01ad8)] -> xpath: //input[@id='quantity_wanted']]
2022-05-17 22:05:16 INFO  ProductPage :85 - Selecting SizeL from dropdown [[ChromeDriver: chrome on WINDOWS (9afe08c3852238dbff09442042f01ad8)] -> xpath: //select[@id='group_1']]
2022-05-17 22:05:111 INFO  ProductPage :95 - Clicking on AddToCart[[ChromeDriver: chrome on WINDOWS (9afe08c3852238dbff09442042f01ad8)] -> xpath: //span[contains(text(),'Add to cart')]]
2022-05-17 22:05:140 INFO  ProductPage :104 - getting Product Added To CartMessage from [[ChromeDriver: chrome on WINDOWS (9afe08c3852238dbff09442042f01ad8)] -> xpath: //h2[normalize-space()='Product successfully added to your shopping cart']]
2022-05-17 22:05:217 INFO  ProductPage :109 - Clicking on CloseButton[[ChromeDriver: chrome on WINDOWS (9afe08c3852238dbff09442042f01ad8)] -> xpath: //span[@title='Close window']]
2022-05-17 22:05:305 INFO  ManageDriver :31 - Launching Chrome Browser
2022-05-17 22:05:385 INFO  HomePage :41 - Clicking on WomenHeader[[ChromeDriver: chrome on WINDOWS (1821f6944266f0b2be19f27d046fe1f9)] -> xpath: //header/div[3]/div[1]/div[1]/div[6]/ul[1]/li[1]/a[1]]
2022-05-17 22:05:133 INFO  WomenCategoryPage :68 - Clicking on Printed Chiffon Dress [[ChromeDriver: chrome on WINDOWS (1821f6944266f0b2be19f27d046fe1f9)] -> xpath: //a[contains(text(),'Printed Chiffon Dress')]]
2022-05-17 22:05:152 INFO  ProductPage :74 - clear Quantity[[ChromeDriver: chrome on WINDOWS (1821f6944266f0b2be19f27d046fe1f9)] -> xpath: //input[@id='quantity_wanted']]
2022-05-17 22:05:235 INFO  ProductPage :80 - Enter email4 to email field [[ChromeDriver: chrome on WINDOWS (1821f6944266f0b2be19f27d046fe1f9)] -> xpath: //input[@id='quantity_wanted']]
2022-05-17 22:05:275 INFO  ProductPage :85 - Selecting SizeS from dropdown [[ChromeDriver: chrome on WINDOWS (1821f6944266f0b2be19f27d046fe1f9)] -> xpath: //select[@id='group_1']]
2022-05-17 22:05:340 INFO  ProductPage :95 - Clicking on AddToCart[[ChromeDriver: chrome on WINDOWS (1821f6944266f0b2be19f27d046fe1f9)] -> xpath: //span[contains(text(),'Add to cart')]]
2022-05-17 22:05:371 INFO  ProductPage :104 - getting Product Added To CartMessage from [[ChromeDriver: chrome on WINDOWS (1821f6944266f0b2be19f27d046fe1f9)] -> xpath: //h2[normalize-space()='Product successfully added to your shopping cart']]
2022-05-17 22:05:434 INFO  ProductPage :109 - Clicking on CloseButton[[ChromeDriver: chrome on WINDOWS (1821f6944266f0b2be19f27d046fe1f9)] -> xpath: //span[@title='Close window']]
2022-05-17 22:05:271 INFO  ManageDriver :31 - Launching Chrome Browser
2022-05-17 22:05:509 INFO  HomePage :41 - Clicking on WomenHeader[[ChromeDriver: chrome on WINDOWS (2f1db04408638ba0f286934cd4ae969b)] -> xpath: //header/div[3]/div[1]/div[1]/div[6]/ul[1]/li[1]/a[1]]
2022-05-17 22:05:464 INFO  WomenCategoryPage :72 - Clicking on Printed Summer Dress with Price tag $28.98 [[ChromeDriver: chrome on WINDOWS (2f1db04408638ba0f286934cd4ae969b)] -> xpath: //body/div[@id='page']/div[2]/div[1]/div[3]/div[2]/ul[1]/li[3]/div[1]/div[2]/h5[1]/a[1]]
2022-05-17 22:05:496 INFO  ProductPage :74 - clear Quantity[[ChromeDriver: chrome on WINDOWS (2f1db04408638ba0f286934cd4ae969b)] -> xpath: //input[@id='quantity_wanted']]
2022-05-17 22:05:590 INFO  ProductPage :80 - Enter email2 to email field [[ChromeDriver: chrome on WINDOWS (2f1db04408638ba0f286934cd4ae969b)] -> xpath: //input[@id='quantity_wanted']]
2022-05-17 22:05:715 INFO  ProductPage :85 - Selecting SizeM from dropdown [[ChromeDriver: chrome on WINDOWS (2f1db04408638ba0f286934cd4ae969b)] -> xpath: //select[@id='group_1']]
2022-05-17 22:05:836 INFO  ProductPage :95 - Clicking on AddToCart[[ChromeDriver: chrome on WINDOWS (2f1db04408638ba0f286934cd4ae969b)] -> xpath: //span[contains(text(),'Add to cart')]]
2022-05-17 22:05:855 INFO  ProductPage :104 - getting Product Added To CartMessage from [[ChromeDriver: chrome on WINDOWS (2f1db04408638ba0f286934cd4ae969b)] -> xpath: //h2[normalize-space()='Product successfully added to your shopping cart']]
2022-05-17 22:05:908 INFO  ProductPage :109 - Clicking on CloseButton[[ChromeDriver: chrome on WINDOWS (2f1db04408638ba0f286934cd4ae969b)] -> xpath: //span[@title='Close window']]
2022-05-18 12:05:890 INFO  ManageDriver :31 - Launching Chrome Browser
2022-05-18 12:05:550 INFO  HomePage :56 - Clicking on SignInHeader[[ChromeDriver: chrome on WINDOWS (44a819810b88b077977d45b296fe25ae)] -> xpath: //a[contains(text(),'Sign in')]]
2022-05-18 12:05:660 INFO  CreateAccountPage :132 - Enter emailsoft12344@gmail.com to email field [[ChromeDriver: chrome on WINDOWS (44a819810b88b077977d45b296fe25ae)] -> xpath: //input[@id='email_create']]
2022-05-18 12:05:731 INFO  CreateAccountPage :114 - Clicking on CreateAccount[[ChromeDriver: chrome on WINDOWS (44a819810b88b077977d45b296fe25ae)] -> xpath: //body[1]/div[1]/div[2]/div[1]/div[3]/div[1]/div[1]/div[1]/form[1]/div[1]/div[3]/button[1]/span[1]]
2022-05-18 12:05:553 INFO  ManageDriver :31 - Launching Chrome Browser
2022-05-18 12:05:794 INFO  HomePage :56 - Clicking on SignInHeader[[ChromeDriver: chrome on WINDOWS (591eeb889e3d4b12248a6cf42e48b507)] -> xpath: //a[contains(text(),'Sign in')]]
2022-05-18 12:05:905 INFO  CreateAccountPage :132 - Enter emailsoft1221@gmail.com to email field [[ChromeDriver: chrome on WINDOWS (591eeb889e3d4b12248a6cf42e48b507)] -> xpath: //input[@id='email_create']]
2022-05-18 12:05:963 INFO  CreateAccountPage :114 - Clicking on CreateAccount[[ChromeDriver: chrome on WINDOWS (591eeb889e3d4b12248a6cf42e48b507)] -> xpath: //body[1]/div[1]/div[2]/div[1]/div[3]/div[1]/div[1]/div[1]/form[1]/div[1]/div[3]/button[1]/span[1]]
2022-05-18 12:05:694 INFO  CreateAccountPage :119 - Clicking on Gender button[[ChromeDriver: chrome on WINDOWS (591eeb889e3d4b12248a6cf42e48b507)] -> xpath: //input[@id='id_gender2']]
2022-05-18 12:05:722 INFO  CreateAccountPage :122 - Enter firstnameJohnato firstname field[[ChromeDriver: chrome on WINDOWS (591eeb889e3d4b12248a6cf42e48b507)] -> xpath: //input[@id='customer_firstname']]
2022-05-18 12:05:898 INFO  CreateAccountPage :127 - Enter LastNameSmith to email field [[ChromeDriver: chrome on WINDOWS (591eeb889e3d4b12248a6cf42e48b507)] -> xpath: //input[@id='customer_lastname']]
2022-05-18 12:05:994 INFO  CreateAccountPage :142 - Enter Password abc12345 to email field [[ChromeDriver: chrome on WINDOWS (591eeb889e3d4b12248a6cf42e48b507)] -> xpath: //input[@id='email']]
2022-05-18 12:05:92 INFO  CreateAccountPage :147 - Selecting day15 from dropdown [[ChromeDriver: chrome on WINDOWS (591eeb889e3d4b12248a6cf42e48b507)] -> xpath: //select[@id='days']]
2022-05-18 12:05:170 INFO  CreateAccountPage :152 - Selecting Month11 from dropdown [[ChromeDriver: chrome on WINDOWS (591eeb889e3d4b12248a6cf42e48b507)] -> id: months]
2022-05-18 12:05:273 INFO  CreateAccountPage :157 - Selecting Year2005 from dropdown [[ChromeDriver: chrome on WINDOWS (591eeb889e3d4b12248a6cf42e48b507)] -> id: years]
2022-05-18 12:05:366 INFO  CreateAccountPage :172 - Enter FirstnameMiss smith to email field [[ChromeDriver: chrome on WINDOWS (591eeb889e3d4b12248a6cf42e48b507)] -> xpath: //input[@id='firstname']]
2022-05-18 12:05:451 INFO  CreateAccountPage :178 - Enter address LastnameGeorge to email field [[ChromeDriver: chrome on WINDOWS (591eeb889e3d4b12248a6cf42e48b507)] -> xpath: //input[@id='lastname']]
2022-05-18 12:05:562 INFO  CreateAccountPage :183 - Enter address Companyjvc ltd to email field [[ChromeDriver: chrome on WINDOWS (591eeb889e3d4b12248a6cf42e48b507)] -> xpath: //input[@id='company']]
2022-05-18 12:05:690 INFO  CreateAccountPage :188 - Enter address office10,west town to email field [[ChromeDriver: chrome on WINDOWS (591eeb889e3d4b12248a6cf42e48b507)] -> xpath: //input[@id='address1']]
2022-05-18 12:05:801 INFO  CreateAccountPage :198 - Enter address CityLeedsto email field [[ChromeDriver: chrome on WINDOWS (591eeb889e3d4b12248a6cf42e48b507)] -> xpath: //input[@id='city']]
2022-05-18 12:05:927 INFO  CreateAccountPage :204 - Select address StateOhio to email field [[ChromeDriver: chrome on WINDOWS (591eeb889e3d4b12248a6cf42e48b507)] -> xpath: //select[@id='id_state']]
2022-05-18 12:05:34 INFO  CreateAccountPage :209 - Enter address ZipCode32184 to email field [[ChromeDriver: chrome on WINDOWS (591eeb889e3d4b12248a6cf42e48b507)] -> xpath: //input[@id='postcode']]
2022-05-18 12:05:114 INFO  CreateAccountPage :214 - Selecting address CountryUnited States from dropdown [[ChromeDriver: chrome on WINDOWS (591eeb889e3d4b12248a6cf42e48b507)] -> xpath: //select[@id='id_country']]
2022-05-18 12:05:234 INFO  CreateAccountPage :219 - Enter address AddInfo Nothing to email field [[ChromeDriver: chrome on WINDOWS (591eeb889e3d4b12248a6cf42e48b507)] -> xpath: //textarea[@id='other']]
2022-05-18 12:05:360 INFO  CreateAccountPage :224 - Enter address Homephone 0778456321 to email field [[ChromeDriver: chrome on WINDOWS (591eeb889e3d4b12248a6cf42e48b507)] -> xpath: //input[@id='phone']]
2022-05-18 12:05:489 INFO  CreateAccountPage :229 - Enter address Mobile phone 01574562112 to email field [[ChromeDriver: chrome on WINDOWS (591eeb889e3d4b12248a6cf42e48b507)] -> xpath: //input[@id='phone_mobile']]
2022-05-18 12:05:616 INFO  CreateAccountPage :193 - Enter addressLine210,Liverpool Street to email field [[ChromeDriver: chrome on WINDOWS (591eeb889e3d4b12248a6cf42e48b507)] -> xpath: //input[@id='address1']]
2022-05-18 12:05:677 INFO  CreateAccountPage :239 - Clicking on Register[[ChromeDriver: chrome on WINDOWS (591eeb889e3d4b12248a6cf42e48b507)] -> xpath: //body[1]/div[1]/div[2]/div[1]/div[3]/div[1]/div[1]/form[1]/div[4]/button[1]/span[1]]
2022-05-18 12:05:701 INFO  CreateAccountPage :243 - Verifying my account text[[ChromeDriver: chrome on WINDOWS (591eeb889e3d4b12248a6cf42e48b507)] -> xpath: //h1[contains(text(),'My account')]]
2022-05-18 12:05:818 INFO  SignInPage :74 - getting Authentification text from Proxy element for: DefaultElementLocator 'By.xpath: //h1[contains(text(),'Authentication')]'
2022-05-18 12:05:865 INFO  ManageDriver :31 - Launching Chrome Browser
2022-05-18 12:05:651 INFO  HomePage :56 - Clicking on SignInHeader[[ChromeDriver: chrome on WINDOWS (df7ba94ab7d003f76dd0fc56c3d316ab)] -> xpath: //a[contains(text(),'Sign in')]]
2022-05-18 12:05:680 INFO  SignInPage :74 - getting Authentification text from [[ChromeDriver: chrome on WINDOWS (df7ba94ab7d003f76dd0fc56c3d316ab)] -> xpath: //h1[contains(text(),'Authentication')]]
2022-05-18 12:05:449 INFO  ManageDriver :31 - Launching Chrome Browser
2022-05-18 12:05:456 INFO  HomePage :56 - Clicking on SignInHeader[[ChromeDriver: chrome on WINDOWS (66422691f2267a289b1c2cfddd695be7)] -> xpath: //a[contains(text(),'Sign in')]]
2022-05-18 12:05:542 INFO  SignInPage :55 - Enter email to email field [[ChromeDriver: chrome on WINDOWS (66422691f2267a289b1c2cfddd695be7)] -> xpath: //input[@id='email']]
2022-05-18 12:05:565 INFO  SignInPage :58 - Enter Password123456 to email field [[ChromeDriver: chrome on WINDOWS (66422691f2267a289b1c2cfddd695be7)] -> xpath: //input[@id='passwd']]
2022-05-18 12:05:562 INFO  SignInPage :65 - Clicking on SignIn[[ChromeDriver: chrome on WINDOWS (66422691f2267a289b1c2cfddd695be7)] -> xpath: //body[1]/div[1]/div[2]/div[1]/div[3]/div[1]/div[1]/div[2]/form[1]/div[1]/p[2]/button[1]/span[1]]
2022-05-18 12:05:590 INFO  SignInPage :88 - getting Error text from [[ChromeDriver: chrome on WINDOWS (66422691f2267a289b1c2cfddd695be7)] -> xpath: //div[@class='alert alert-danger']//li]
2022-05-18 12:05:349 INFO  ManageDriver :31 - Launching Chrome Browser
2022-05-18 12:05:986 INFO  HomePage :56 - Clicking on SignInHeader[[ChromeDriver: chrome on WINDOWS (5f26a3bc8cf92f86197cfbe7dacf40a7)] -> xpath: //a[contains(text(),'Sign in')]]
2022-05-18 12:05:92 INFO  SignInPage :55 - Enter emailabcd@gmail.com to email field [[ChromeDriver: chrome on WINDOWS (5f26a3bc8cf92f86197cfbe7dacf40a7)] -> xpath: //input[@id='email']]
2022-05-18 12:05:110 INFO  SignInPage :58 - Enter Password to email field [[ChromeDriver: chrome on WINDOWS (5f26a3bc8cf92f86197cfbe7dacf40a7)] -> xpath: //input[@id='passwd']]
2022-05-18 12:05:754 INFO  SignInPage :65 - Clicking on SignIn[[ChromeDriver: chrome on WINDOWS (5f26a3bc8cf92f86197cfbe7dacf40a7)] -> xpath: //body[1]/div[1]/div[2]/div[1]/div[3]/div[1]/div[1]/div[2]/form[1]/div[1]/p[2]/button[1]/span[1]]
2022-05-18 12:05:780 INFO  SignInPage :88 - getting Error text from [[ChromeDriver: chrome on WINDOWS (5f26a3bc8cf92f86197cfbe7dacf40a7)] -> xpath: //div[@class='alert alert-danger']//li]
2022-05-18 12:05:539 INFO  ManageDriver :31 - Launching Chrome Browser
2022-05-18 12:05:325 INFO  HomePage :56 - Clicking on SignInHeader[[ChromeDriver: chrome on WINDOWS (f449d63e3b6ef1102bb6da82f3abef31)] -> xpath: //a[contains(text(),'Sign in')]]
2022-05-18 13:05:36 INFO  ManageDriver :31 - Launching Chrome Browser
2022-05-18 13:05:808 INFO  ManageDriver :31 - Launching Chrome Browser
2022-05-18 13:05:441 INFO  HomePage :56 - Clicking on SignInHeader[[ChromeDriver: chrome on WINDOWS (a50831079061360166b511e143e4bd26)] -> xpath: //a[contains(text(),'Sign in')]]
2022-05-18 13:05:460 INFO  SignInPage :74 - getting Authentification text from [[ChromeDriver: chrome on WINDOWS (a50831079061360166b511e143e4bd26)] -> xpath: //h1[contains(text(),'Authentication')]]
2022-05-18 13:05:148 INFO  ManageDriver :31 - Launching Chrome Browser
2022-05-18 13:05:799 INFO  HomePage :56 - Clicking on SignInHeader[[ChromeDriver: chrome on WINDOWS (e95fb60bac23e329f48163a9152f6f5e)] -> xpath: //a[contains(text(),'Sign in')]]
2022-05-18 13:05:640 INFO  ManageDriver :31 - Launching Chrome Browser
2022-05-18 13:05:496 INFO  HomePage :56 - Clicking on SignInHeader[[ChromeDriver: chrome on WINDOWS (7bcd2a030e63bdb419b06ae9e5be1b8f)] -> xpath: //a[contains(text(),'Sign in')]]
2022-05-18 13:05:318 INFO  ManageDriver :31 - Launching Chrome Browser
2022-05-18 13:05:538 INFO  ManageDriver :31 - Launching Chrome Browser
2022-05-18 13:05:48 INFO  ManageDriver :31 - Launching Chrome Browser
2022-05-18 13:05:68 INFO  ManageDriver :31 - Launching Chrome Browser
2022-05-18 13:05:141 INFO  HomePage :56 - Clicking on SignInHeader[[ChromeDriver: chrome on WINDOWS (817400c5d9efd727582f1eaefff99452)] -> xpath: //a[contains(text(),'Sign in')]]
2022-05-18 13:05:209 INFO  CreateAccountPage :132 - Enter emailsoft1221@gmail.com to email field [[ChromeDriver: chrome on WINDOWS (817400c5d9efd727582f1eaefff99452)] -> xpath: //input[@id='email_create']]
2022-05-18 13:05:255 INFO  CreateAccountPage :114 - Clicking on CreateAccount[[ChromeDriver: chrome on WINDOWS (817400c5d9efd727582f1eaefff99452)] -> xpath: //body[1]/div[1]/div[2]/div[1]/div[3]/div[1]/div[1]/div[1]/form[1]/div[1]/div[3]/button[1]/span[1]]
2022-05-18 13:05:184 INFO  ManageDriver :31 - Launching Chrome Browser
2022-05-18 13:05:229 INFO  HomePage :56 - Clicking on SignInHeader[[ChromeDriver: chrome on WINDOWS (30559975fa4ddd6770c2f6e230b2d07f)] -> xpath: //a[contains(text(),'Sign in')]]
2022-05-18 13:05:248 INFO  SignInPage :74 - getting Authentification text from [[ChromeDriver: chrome on WINDOWS (30559975fa4ddd6770c2f6e230b2d07f)] -> xpath: //h1[contains(text(),'Authentication')]]
2022-05-18 13:05:910 INFO  ManageDriver :31 - Launching Chrome Browser
2022-05-18 13:05:680 INFO  HomePage :56 - Clicking on SignInHeader[[ChromeDriver: chrome on WINDOWS (2a34de7d53b4799e5ccac198b25fc0f2)] -> xpath: //a[contains(text(),'Sign in')]]
2022-05-18 13:05:739 INFO  SignInPage :55 - Enter email to email field [[ChromeDriver: chrome on WINDOWS (2a34de7d53b4799e5ccac198b25fc0f2)] -> xpath: //input[@id='email']]
2022-05-18 13:05:757 INFO  SignInPage :58 - Enter Password123456 to email field [[ChromeDriver: chrome on WINDOWS (2a34de7d53b4799e5ccac198b25fc0f2)] -> xpath: //input[@id='passwd']]
2022-05-18 13:05:772 INFO  SignInPage :65 - Clicking on SignIn[[ChromeDriver: chrome on WINDOWS (2a34de7d53b4799e5ccac198b25fc0f2)] -> xpath: //body[1]/div[1]/div[2]/div[1]/div[3]/div[1]/div[1]/div[2]/form[1]/div[1]/p[2]/button[1]/span[1]]
2022-05-18 13:05:785 INFO  SignInPage :88 - getting Error text from [[ChromeDriver: chrome on WINDOWS (2a34de7d53b4799e5ccac198b25fc0f2)] -> xpath: //div[@class='alert alert-danger']//li]
2022-05-18 13:05:427 INFO  ManageDriver :31 - Launching Chrome Browser
2022-05-18 13:05:435 INFO  HomePage :56 - Clicking on SignInHeader[[ChromeDriver: chrome on WINDOWS (70b9b5a6bcddb6eeab4c11af6d01b6ab)] -> xpath: //a[contains(text(),'Sign in')]]
2022-05-18 13:05:483 INFO  SignInPage :55 - Enter emailabcd@gmail.com to email field [[ChromeDriver: chrome on WINDOWS (70b9b5a6bcddb6eeab4c11af6d01b6ab)] -> xpath: //input[@id='email']]
2022-05-18 13:05:493 INFO  SignInPage :58 - Enter Password to email field [[ChromeDriver: chrome on WINDOWS (70b9b5a6bcddb6eeab4c11af6d01b6ab)] -> xpath: //input[@id='passwd']]
2022-05-18 13:05:353 INFO  SignInPage :65 - Clicking on SignIn[[ChromeDriver: chrome on WINDOWS (70b9b5a6bcddb6eeab4c11af6d01b6ab)] -> xpath: //body[1]/div[1]/div[2]/div[1]/div[3]/div[1]/div[1]/div[2]/form[1]/div[1]/p[2]/button[1]/span[1]]
2022-05-18 13:05:368 INFO  SignInPage :88 - getting Error text from [[ChromeDriver: chrome on WINDOWS (70b9b5a6bcddb6eeab4c11af6d01b6ab)] -> xpath: //div[@class='alert alert-danger']//li]
2022-05-18 13:05:06 INFO  ManageDriver :31 - Launching Chrome Browser
2022-05-18 13:05:456 INFO  HomePage :56 - Clicking on SignInHeader[[ChromeDriver: chrome on WINDOWS (23afcf19d6833af8c6e28fa9dedbfab9)] -> xpath: //a[contains(text(),'Sign in')]]
2022-05-18 13:05:532 INFO  SignInPage :55 - Enter emailadfdfgfg to email field [[ChromeDriver: chrome on WINDOWS (23afcf19d6833af8c6e28fa9dedbfab9)] -> xpath: //input[@id='email']]
2022-05-18 13:05:547 INFO  SignInPage :58 - Enter Password123456 to email field [[ChromeDriver: chrome on WINDOWS (23afcf19d6833af8c6e28fa9dedbfab9)] -> xpath: //input[@id='passwd']]
2022-05-18 13:05:686 INFO  SignInPage :65 - Clicking on SignIn[[ChromeDriver: chrome on WINDOWS (23afcf19d6833af8c6e28fa9dedbfab9)] -> xpath: //body[1]/div[1]/div[2]/div[1]/div[3]/div[1]/div[1]/div[2]/form[1]/div[1]/p[2]/button[1]/span[1]]
2022-05-18 13:05:708 INFO  SignInPage :88 - getting Error text from [[ChromeDriver: chrome on WINDOWS (23afcf19d6833af8c6e28fa9dedbfab9)] -> xpath: //div[@class='alert alert-danger']//li]
2022-05-18 13:05:409 INFO  ManageDriver :31 - Launching Chrome Browser
2022-05-18 13:05:505 INFO  HomePage :56 - Clicking on SignInHeader[[ChromeDriver: chrome on WINDOWS (c99794248deabef284048325a4874f2a)] -> xpath: //a[contains(text(),'Sign in')]]
2022-05-18 13:05:561 INFO  SignInPage :55 - Enter emailabcd@gmail.com to email field [[ChromeDriver: chrome on WINDOWS (c99794248deabef284048325a4874f2a)] -> xpath: //input[@id='email']]
2022-05-18 13:05:574 INFO  SignInPage :58 - Enter Password123456 to email field [[ChromeDriver: chrome on WINDOWS (c99794248deabef284048325a4874f2a)] -> xpath: //input[@id='passwd']]
2022-05-18 13:05:257 INFO  SignInPage :65 - Clicking on SignIn[[ChromeDriver: chrome on WINDOWS (c99794248deabef284048325a4874f2a)] -> xpath: //body[1]/div[1]/div[2]/div[1]/div[3]/div[1]/div[1]/div[2]/form[1]/div[1]/p[2]/button[1]/span[1]]
2022-05-18 13:05:270 INFO  SignInPage :88 - getting Error text from [[ChromeDriver: chrome on WINDOWS (c99794248deabef284048325a4874f2a)] -> xpath: //div[@class='alert alert-danger']//li]
2022-05-18 13:05:924 INFO  ManageDriver :31 - Launching Chrome Browser
2022-05-18 13:05:605 INFO  HomePage :56 - Clicking on SignInHeader[[ChromeDriver: chrome on WINDOWS (1cf08fbd31c089b4faece1252caabbc8)] -> xpath: //a[contains(text(),'Sign in')]]
2022-05-18 13:05:672 INFO  SignInPage :55 - Enter emailsoft1221@gmail.com to email field [[ChromeDriver: chrome on WINDOWS (1cf08fbd31c089b4faece1252caabbc8)] -> xpath: //input[@id='email']]
2022-05-18 13:05:682 INFO  SignInPage :58 - Enter Passwordabc12345 to email field [[ChromeDriver: chrome on WINDOWS (1cf08fbd31c089b4faece1252caabbc8)] -> xpath: //input[@id='passwd']]
2022-05-18 13:05:40 INFO  SignInPage :65 - Clicking on SignIn[[ChromeDriver: chrome on WINDOWS (1cf08fbd31c089b4faece1252caabbc8)] -> xpath: //body[1]/div[1]/div[2]/div[1]/div[3]/div[1]/div[1]/div[2]/form[1]/div[1]/p[2]/button[1]/span[1]]
2022-05-18 13:05:56 INFO  SignInPage :96 - getting signout from [[ChromeDriver: chrome on WINDOWS (1cf08fbd31c089b4faece1252caabbc8)] -> xpath: //a[@title='Log me out']]
2022-05-18 13:05:716 INFO  ManageDriver :31 - Launching Chrome Browser
2022-05-18 13:05:956 INFO  HomePage :56 - Clicking on SignInHeader[[ChromeDriver: chrome on WINDOWS (7bebc7b566788b11e90bc931032160f7)] -> xpath: //a[contains(text(),'Sign in')]]
2022-05-18 13:05:20 INFO  SignInPage :55 - Enter emailtin@mail.com to email field [[ChromeDriver: chrome on WINDOWS (7bebc7b566788b11e90bc931032160f7)] -> xpath: //input[@id='email']]
2022-05-18 13:05:32 INFO  SignInPage :58 - Enter Passwordabc123 to email field [[ChromeDriver: chrome on WINDOWS (7bebc7b566788b11e90bc931032160f7)] -> xpath: //input[@id='passwd']]
2022-05-18 13:05:437 INFO  SignInPage :65 - Clicking on SignIn[[ChromeDriver: chrome on WINDOWS (7bebc7b566788b11e90bc931032160f7)] -> xpath: //body[1]/div[1]/div[2]/div[1]/div[3]/div[1]/div[1]/div[2]/form[1]/div[1]/p[2]/button[1]/span[1]]
2022-05-18 13:05:857 INFO  SignInPage :93 - Clicking on SignOutLink[[ChromeDriver: chrome on WINDOWS (7bebc7b566788b11e90bc931032160f7)] -> xpath: //header/div[2]/div[1]/div[1]/nav[1]/div[2]/a[1]]
2022-05-18 13:05:867 INFO  SignInPage :100 - getting signIn text from [[ChromeDriver: chrome on WINDOWS (7bebc7b566788b11e90bc931032160f7)] -> xpath: //a[contains(text(),'Sign in')]]
2022-05-18 13:05:528 INFO  ManageDriver :31 - Launching Chrome Browser
2022-05-18 13:05:878 INFO  HomePage :41 - Clicking on WomenHeader[[ChromeDriver: chrome on WINDOWS (ddeac0f3ef96d3c5305152e9d33ea516)] -> xpath: //header/div[3]/div[1]/div[1]/div[6]/ul[1]/li[1]/a[1]]
2022-05-18 13:05:888 INFO  WomenCategoryPage :87 - getting Women text from [[ChromeDriver: chrome on WINDOWS (ddeac0f3ef96d3c5305152e9d33ea516)] -> xpath: //span[@class='category-name']]
2022-05-18 13:05:533 INFO  ManageDriver :31 - Launching Chrome Browser
2022-05-18 13:05:775 INFO  HomePage :41 - Clicking on WomenHeader[[ChromeDriver: chrome on WINDOWS (39194ca153f96bdff360aac11e08c10a)] -> xpath: //header/div[3]/div[1]/div[1]/div[6]/ul[1]/li[1]/a[1]]
2022-05-18 13:05:734 INFO  WomenCategoryPage :59 - Clicking on Blouse [[ChromeDriver: chrome on WINDOWS (39194ca153f96bdff360aac11e08c10a)] -> xpath: //body/div[@id='page']/div[2]/div[1]/div[3]/div[2]/ul[1]/li[2]/div[1]/div[2]/h5[1]/a[1]]
2022-05-18 13:05:747 INFO  ProductPage :74 - clear Quantity[[ChromeDriver: chrome on WINDOWS (39194ca153f96bdff360aac11e08c10a)] -> xpath: //input[@id='quantity_wanted']]
2022-05-18 13:05:797 INFO  ProductPage :80 - Enter email2 to email field [[ChromeDriver: chrome on WINDOWS (39194ca153f96bdff360aac11e08c10a)] -> xpath: //input[@id='quantity_wanted']]
2022-05-18 13:05:859 INFO  ProductPage :85 - Selecting SizeM from dropdown [[ChromeDriver: chrome on WINDOWS (39194ca153f96bdff360aac11e08c10a)] -> xpath: //select[@id='group_1']]
2022-05-18 13:05:902 INFO  ProductPage :95 - Clicking on AddToCart[[ChromeDriver: chrome on WINDOWS (39194ca153f96bdff360aac11e08c10a)] -> xpath: //span[contains(text(),'Add to cart')]]
2022-05-18 13:05:931 INFO  ProductPage :104 - getting Product Added To CartMessage from [[ChromeDriver: chrome on WINDOWS (39194ca153f96bdff360aac11e08c10a)] -> xpath: //h2[normalize-space()='Product successfully added to your shopping cart']]
2022-05-18 13:05:969 INFO  ProductPage :109 - Clicking on CloseButton[[ChromeDriver: chrome on WINDOWS (39194ca153f96bdff360aac11e08c10a)] -> xpath: //span[@title='Close window']]
2022-05-18 13:05:612 INFO  ManageDriver :31 - Launching Chrome Browser
2022-05-18 13:05:713 INFO  HomePage :41 - Clicking on WomenHeader[[ChromeDriver: chrome on WINDOWS (469c112b0740bed1556153d57a241f68)] -> xpath: //header/div[3]/div[1]/div[1]/div[6]/ul[1]/li[1]/a[1]]
2022-05-18 13:05:726 INFO  WomenCategoryPage :63 - Clicking on Printed Dress [[ChromeDriver: chrome on WINDOWS (469c112b0740bed1556153d57a241f68)] -> xpath: //body/div[@id='page']/div[2]/div[1]/div[3]/div[2]/ul[1]/li[1]/div[1]/div[2]/h5[1]/a[1]]
2022-05-18 13:05:01 INFO  ProductPage :74 - clear Quantity[[ChromeDriver: chrome on WINDOWS (469c112b0740bed1556153d57a241f68)] -> xpath: //input[@id='quantity_wanted']]
2022-05-18 13:05:51 INFO  ProductPage :80 - Enter email3 to email field [[ChromeDriver: chrome on WINDOWS (469c112b0740bed1556153d57a241f68)] -> xpath: //input[@id='quantity_wanted']]
2022-05-18 13:05:110 INFO  ProductPage :85 - Selecting SizeL from dropdown [[ChromeDriver: chrome on WINDOWS (469c112b0740bed1556153d57a241f68)] -> xpath: //select[@id='group_1']]
2022-05-18 13:05:155 INFO  ProductPage :95 - Clicking on AddToCart[[ChromeDriver: chrome on WINDOWS (469c112b0740bed1556153d57a241f68)] -> xpath: //span[contains(text(),'Add to cart')]]
2022-05-18 13:05:179 INFO  ProductPage :104 - getting Product Added To CartMessage from [[ChromeDriver: chrome on WINDOWS (469c112b0740bed1556153d57a241f68)] -> xpath: //h2[normalize-space()='Product successfully added to your shopping cart']]
2022-05-18 13:05:219 INFO  ProductPage :109 - Clicking on CloseButton[[ChromeDriver: chrome on WINDOWS (469c112b0740bed1556153d57a241f68)] -> xpath: //span[@title='Close window']]
2022-05-18 13:05:842 INFO  ManageDriver :31 - Launching Chrome Browser
2022-05-18 13:05:177 INFO  HomePage :41 - Clicking on WomenHeader[[ChromeDriver: chrome on WINDOWS (b04f35d2f95946447827b6792af944b2)] -> xpath: //header/div[3]/div[1]/div[1]/div[6]/ul[1]/li[1]/a[1]]
2022-05-18 13:05:249 INFO  WomenCategoryPage :68 - Clicking on Printed Chiffon Dress [[ChromeDriver: chrome on WINDOWS (b04f35d2f95946447827b6792af944b2)] -> xpath: //a[contains(text(),'Printed Chiffon Dress')]]
2022-05-18 13:05:261 INFO  ProductPage :74 - clear Quantity[[ChromeDriver: chrome on WINDOWS (b04f35d2f95946447827b6792af944b2)] -> xpath: //input[@id='quantity_wanted']]
2022-05-18 13:05:314 INFO  ProductPage :80 - Enter email4 to email field [[ChromeDriver: chrome on WINDOWS (b04f35d2f95946447827b6792af944b2)] -> xpath: //input[@id='quantity_wanted']]
2022-05-18 13:05:342 INFO  ProductPage :85 - Selecting SizeS from dropdown [[ChromeDriver: chrome on WINDOWS (b04f35d2f95946447827b6792af944b2)] -> xpath: //select[@id='group_1']]
2022-05-18 13:05:382 INFO  ProductPage :95 - Clicking on AddToCart[[ChromeDriver: chrome on WINDOWS (b04f35d2f95946447827b6792af944b2)] -> xpath: //span[contains(text(),'Add to cart')]]
2022-05-18 13:05:401 INFO  ProductPage :104 - getting Product Added To CartMessage from [[ChromeDriver: chrome on WINDOWS (b04f35d2f95946447827b6792af944b2)] -> xpath: //h2[normalize-space()='Product successfully added to your shopping cart']]
2022-05-18 13:05:457 INFO  ProductPage :109 - Clicking on CloseButton[[ChromeDriver: chrome on WINDOWS (b04f35d2f95946447827b6792af944b2)] -> xpath: //span[@title='Close window']]
2022-05-18 13:05:114 INFO  ManageDriver :31 - Launching Chrome Browser
2022-05-18 13:05:189 INFO  HomePage :41 - Clicking on WomenHeader[[ChromeDriver: chrome on WINDOWS (0e4938ab7eb1e13a3aee7f3a825feccb)] -> xpath: //header/div[3]/div[1]/div[1]/div[6]/ul[1]/li[1]/a[1]]
2022-05-18 13:05:755 INFO  WomenCategoryPage :72 - Clicking on Printed Summer Dress with Price tag $28.98 [[ChromeDriver: chrome on WINDOWS (0e4938ab7eb1e13a3aee7f3a825feccb)] -> xpath: //body/div[@id='page']/div[2]/div[1]/div[3]/div[2]/ul[1]/li[3]/div[1]/div[2]/h5[1]/a[1]]
2022-05-18 13:05:767 INFO  ProductPage :74 - clear Quantity[[ChromeDriver: chrome on WINDOWS (0e4938ab7eb1e13a3aee7f3a825feccb)] -> xpath: //input[@id='quantity_wanted']]
2022-05-18 13:05:819 INFO  ProductPage :80 - Enter email2 to email field [[ChromeDriver: chrome on WINDOWS (0e4938ab7eb1e13a3aee7f3a825feccb)] -> xpath: //input[@id='quantity_wanted']]
2022-05-18 13:05:877 INFO  ProductPage :85 - Selecting SizeM from dropdown [[ChromeDriver: chrome on WINDOWS (0e4938ab7eb1e13a3aee7f3a825feccb)] -> xpath: //select[@id='group_1']]
2022-05-18 13:05:918 INFO  ProductPage :95 - Clicking on AddToCart[[ChromeDriver: chrome on WINDOWS (0e4938ab7eb1e13a3aee7f3a825feccb)] -> xpath: //span[contains(text(),'Add to cart')]]
2022-05-18 13:05:935 INFO  ProductPage :104 - getting Product Added To CartMessage from [[ChromeDriver: chrome on WINDOWS (0e4938ab7eb1e13a3aee7f3a825feccb)] -> xpath: //h2[normalize-space()='Product successfully added to your shopping cart']]
2022-05-18 13:05:972 INFO  ProductPage :109 - Clicking on CloseButton[[ChromeDriver: chrome on WINDOWS (0e4938ab7eb1e13a3aee7f3a825feccb)] -> xpath: //span[@title='Close window']]
2022-05-18 13:05:212 INFO  ManageDriver :31 - Launching Chrome Browser
2022-05-18 13:05:80 INFO  HomePage :56 - Clicking on SignInHeader[[ChromeDriver: chrome on WINDOWS (3a7c27b58454bd60c83001338f32a191)] -> xpath: //a[contains(text(),'Sign in')]]
2022-05-18 13:05:239 INFO  CreateAccountPage :132 - Enter emailsoft1243@gmail.com to email field [[ChromeDriver: chrome on WINDOWS (3a7c27b58454bd60c83001338f32a191)] -> xpath: //input[@id='email_create']]
2022-05-18 13:05:344 INFO  CreateAccountPage :114 - Clicking on CreateAccount[[ChromeDriver: chrome on WINDOWS (3a7c27b58454bd60c83001338f32a191)] -> xpath: //body[1]/div[1]/div[2]/div[1]/div[3]/div[1]/div[1]/div[1]/form[1]/div[1]/div[3]/button[1]/span[1]]
2022-05-18 13:05:584 INFO  CreateAccountPage :119 - Clicking on Gender button[[ChromeDriver: chrome on WINDOWS (3a7c27b58454bd60c83001338f32a191)] -> xpath: //input[@id='id_gender2']]
2022-05-18 13:05:604 INFO  CreateAccountPage :122 - Enter firstnameJohnato firstname field[[ChromeDriver: chrome on WINDOWS (3a7c27b58454bd60c83001338f32a191)] -> xpath: //input[@id='customer_firstname']]
2022-05-18 13:05:735 INFO  CreateAccountPage :127 - Enter LastNameSmith to email field [[ChromeDriver: chrome on WINDOWS (3a7c27b58454bd60c83001338f32a191)] -> xpath: //input[@id='customer_lastname']]
2022-05-18 13:05:832 INFO  CreateAccountPage :142 - Enter Password abc12345 to email field [[ChromeDriver: chrome on WINDOWS (3a7c27b58454bd60c83001338f32a191)] -> xpath: //input[@id='email']]
2022-05-18 13:05:977 INFO  CreateAccountPage :147 - Selecting day15 from dropdown [[ChromeDriver: chrome on WINDOWS (3a7c27b58454bd60c83001338f32a191)] -> xpath: //select[@id='days']]
2022-05-18 13:05:90 INFO  CreateAccountPage :152 - Selecting Month11 from dropdown [[ChromeDriver: chrome on WINDOWS (3a7c27b58454bd60c83001338f32a191)] -> id: months]
2022-05-18 13:05:229 INFO  CreateAccountPage :157 - Selecting Year2005 from dropdown [[ChromeDriver: chrome on WINDOWS (3a7c27b58454bd60c83001338f32a191)] -> id: years]
2022-05-18 13:05:349 INFO  CreateAccountPage :172 - Enter FirstnameMiss smith to email field [[ChromeDriver: chrome on WINDOWS (3a7c27b58454bd60c83001338f32a191)] -> xpath: //input[@id='firstname']]
2022-05-18 13:05:460 INFO  CreateAccountPage :178 - Enter address LastnameGeorge to email field [[ChromeDriver: chrome on WINDOWS (3a7c27b58454bd60c83001338f32a191)] -> xpath: //input[@id='lastname']]
2022-05-18 13:05:562 INFO  CreateAccountPage :183 - Enter address Companyjvc ltd to email field [[ChromeDriver: chrome on WINDOWS (3a7c27b58454bd60c83001338f32a191)] -> xpath: //input[@id='company']]
2022-05-18 13:05:668 INFO  CreateAccountPage :188 - Enter address office10,west town to email field [[ChromeDriver: chrome on WINDOWS (3a7c27b58454bd60c83001338f32a191)] -> xpath: //input[@id='address1']]
2022-05-18 13:05:760 INFO  CreateAccountPage :198 - Enter address CityLeedsto email field [[ChromeDriver: chrome on WINDOWS (3a7c27b58454bd60c83001338f32a191)] -> xpath: //input[@id='city']]
2022-05-18 13:05:849 INFO  CreateAccountPage :204 - Select address StateOhio to email field [[ChromeDriver: chrome on WINDOWS (3a7c27b58454bd60c83001338f32a191)] -> xpath: //select[@id='id_state']]
2022-05-18 13:05:938 INFO  CreateAccountPage :209 - Enter address ZipCode32184 to email field [[ChromeDriver: chrome on WINDOWS (3a7c27b58454bd60c83001338f32a191)] -> xpath: //input[@id='postcode']]
2022-05-18 13:05:993 INFO  CreateAccountPage :214 - Selecting address CountryUnited States from dropdown [[ChromeDriver: chrome on WINDOWS (3a7c27b58454bd60c83001338f32a191)] -> xpath: //select[@id='id_country']]
2022-05-18 13:05:75 INFO  CreateAccountPage :219 - Enter address AddInfo Nothing to email field [[ChromeDriver: chrome on WINDOWS (3a7c27b58454bd60c83001338f32a191)] -> xpath: //textarea[@id='other']]
2022-05-18 13:05:169 INFO  CreateAccountPage :224 - Enter address Homephone 0778456321 to email field [[ChromeDriver: chrome on WINDOWS (3a7c27b58454bd60c83001338f32a191)] -> xpath: //input[@id='phone']]
2022-05-18 13:05:259 INFO  CreateAccountPage :229 - Enter address Mobile phone 01574562112 to email field [[ChromeDriver: chrome on WINDOWS (3a7c27b58454bd60c83001338f32a191)] -> xpath: //input[@id='phone_mobile']]
2022-05-18 13:05:346 INFO  CreateAccountPage :193 - Enter addressLine210,Liverpool Street to email field [[ChromeDriver: chrome on WINDOWS (3a7c27b58454bd60c83001338f32a191)] -> xpath: //input[@id='address1']]
2022-05-18 13:05:285 INFO  CreateAccountPage :239 - Clicking on Register[[ChromeDriver: chrome on WINDOWS (3a7c27b58454bd60c83001338f32a191)] -> xpath: //body[1]/div[1]/div[2]/div[1]/div[3]/div[1]/div[1]/form[1]/div[4]/button[1]/span[1]]
2022-05-18 13:05:307 INFO  CreateAccountPage :243 - Verifying my account text[[ChromeDriver: chrome on WINDOWS (3a7c27b58454bd60c83001338f32a191)] -> xpath: //h1[contains(text(),'My account')]]
2022-05-18 13:05:368 INFO  SignInPage :74 - getting Authentification text from Proxy element for: DefaultElementLocator 'By.xpath: //h1[contains(text(),'Authentication')]'
2022-05-18 13:05:269 INFO  ManageDriver :31 - Launching Chrome Browser
2022-05-18 13:05:436 INFO  HomePage :56 - Clicking on SignInHeader[[ChromeDriver: chrome on WINDOWS (b1d713cf4982cf0960c2af345a50048c)] -> xpath: //a[contains(text(),'Sign in')]]
2022-05-18 13:05:448 INFO  SignInPage :74 - getting Authentification text from [[ChromeDriver: chrome on WINDOWS (b1d713cf4982cf0960c2af345a50048c)] -> xpath: //h1[contains(text(),'Authentication')]]
2022-05-18 13:05:144 INFO  ManageDriver :31 - Launching Chrome Browser
2022-05-18 13:05:449 INFO  HomePage :56 - Clicking on SignInHeader[[ChromeDriver: chrome on WINDOWS (226b1e5e046b0c26d1e49405cd9133a3)] -> xpath: //a[contains(text(),'Sign in')]]
2022-05-18 13:05:492 INFO  SignInPage :55 - Enter email to email field [[ChromeDriver: chrome on WINDOWS (226b1e5e046b0c26d1e49405cd9133a3)] -> xpath: //input[@id='email']]
2022-05-18 13:05:521 INFO  SignInPage :58 - Enter Password123456 to email field [[ChromeDriver: chrome on WINDOWS (226b1e5e046b0c26d1e49405cd9133a3)] -> xpath: //input[@id='passwd']]
2022-05-18 13:05:533 INFO  SignInPage :65 - Clicking on SignIn[[ChromeDriver: chrome on WINDOWS (226b1e5e046b0c26d1e49405cd9133a3)] -> xpath: //body[1]/div[1]/div[2]/div[1]/div[3]/div[1]/div[1]/div[2]/form[1]/div[1]/p[2]/button[1]/span[1]]
2022-05-18 13:05:547 INFO  SignInPage :88 - getting Error text from [[ChromeDriver: chrome on WINDOWS (226b1e5e046b0c26d1e49405cd9133a3)] -> xpath: //div[@class='alert alert-danger']//li]
2022-05-18 13:05:243 INFO  ManageDriver :31 - Launching Chrome Browser
2022-05-18 13:05:336 INFO  HomePage :56 - Clicking on SignInHeader[[ChromeDriver: chrome on WINDOWS (5d3c6948be51f4ae19abc53c4ae964ba)] -> xpath: //a[contains(text(),'Sign in')]]
2022-05-18 13:05:394 INFO  SignInPage :55 - Enter emailabcd@gmail.com to email field [[ChromeDriver: chrome on WINDOWS (5d3c6948be51f4ae19abc53c4ae964ba)] -> xpath: //input[@id='email']]
2022-05-18 13:05:404 INFO  SignInPage :58 - Enter Password to email field [[ChromeDriver: chrome on WINDOWS (5d3c6948be51f4ae19abc53c4ae964ba)] -> xpath: //input[@id='passwd']]
2022-05-18 13:05:944 INFO  SignInPage :65 - Clicking on SignIn[[ChromeDriver: chrome on WINDOWS (5d3c6948be51f4ae19abc53c4ae964ba)] -> xpath: //body[1]/div[1]/div[2]/div[1]/div[3]/div[1]/div[1]/div[2]/form[1]/div[1]/p[2]/button[1]/span[1]]
2022-05-18 13:05:958 INFO  SignInPage :88 - getting Error text from [[ChromeDriver: chrome on WINDOWS (5d3c6948be51f4ae19abc53c4ae964ba)] -> xpath: //div[@class='alert alert-danger']//li]
2022-05-18 13:05:660 INFO  ManageDriver :31 - Launching Chrome Browser
2022-05-18 13:05:346 INFO  HomePage :56 - Clicking on SignInHeader[[ChromeDriver: chrome on WINDOWS (47c7ce91cb0a0a85474282ff289ce291)] -> xpath: //a[contains(text(),'Sign in')]]
2022-05-18 13:05:411 INFO  SignInPage :55 - Enter emailadfdfgfg to email field [[ChromeDriver: chrome on WINDOWS (47c7ce91cb0a0a85474282ff289ce291)] -> xpath: //input[@id='email']]
2022-05-18 13:05:423 INFO  SignInPage :58 - Enter Password123456 to email field [[ChromeDriver: chrome on WINDOWS (47c7ce91cb0a0a85474282ff289ce291)] -> xpath: //input[@id='passwd']]
2022-05-18 13:05:755 INFO  SignInPage :65 - Clicking on SignIn[[ChromeDriver: chrome on WINDOWS (47c7ce91cb0a0a85474282ff289ce291)] -> xpath: //body[1]/div[1]/div[2]/div[1]/div[3]/div[1]/div[1]/div[2]/form[1]/div[1]/p[2]/button[1]/span[1]]
2022-05-18 13:05:767 INFO  SignInPage :88 - getting Error text from [[ChromeDriver: chrome on WINDOWS (47c7ce91cb0a0a85474282ff289ce291)] -> xpath: //div[@class='alert alert-danger']//li]
2022-05-18 13:05:487 INFO  ManageDriver :31 - Launching Chrome Browser
2022-05-18 13:05:205 INFO  HomePage :56 - Clicking on SignInHeader[[ChromeDriver: chrome on WINDOWS (65a9cfcaa17f2daff6fd923308af0593)] -> xpath: //a[contains(text(),'Sign in')]]
2022-05-18 13:05:272 INFO  SignInPage :55 - Enter emailabcd@gmail.com to email field [[ChromeDriver: chrome on WINDOWS (65a9cfcaa17f2daff6fd923308af0593)] -> xpath: //input[@id='email']]
2022-05-18 13:05:286 INFO  SignInPage :58 - Enter Password123456 to email field [[ChromeDriver: chrome on WINDOWS (65a9cfcaa17f2daff6fd923308af0593)] -> xpath: //input[@id='passwd']]
2022-05-18 13:05:46 INFO  SignInPage :65 - Clicking on SignIn[[ChromeDriver: chrome on WINDOWS (65a9cfcaa17f2daff6fd923308af0593)] -> xpath: //body[1]/div[1]/div[2]/div[1]/div[3]/div[1]/div[1]/div[2]/form[1]/div[1]/p[2]/button[1]/span[1]]
2022-05-18 13:05:60 INFO  SignInPage :88 - getting Error text from [[ChromeDriver: chrome on WINDOWS (65a9cfcaa17f2daff6fd923308af0593)] -> xpath: //div[@class='alert alert-danger']//li]
2022-05-18 13:05:767 INFO  ManageDriver :31 - Launching Chrome Browser
2022-05-18 13:05:139 INFO  HomePage :56 - Clicking on SignInHeader[[ChromeDriver: chrome on WINDOWS (a499f00731667affcffb6f75b9603275)] -> xpath: //a[contains(text(),'Sign in')]]
2022-05-18 13:05:198 INFO  SignInPage :55 - Enter emailsoft1243@gmail.com to email field [[ChromeDriver: chrome on WINDOWS (a499f00731667affcffb6f75b9603275)] -> xpath: //input[@id='email']]
2022-05-18 13:05:211 INFO  SignInPage :58 - Enter Passwordabc12345 to email field [[ChromeDriver: chrome on WINDOWS (a499f00731667affcffb6f75b9603275)] -> xpath: //input[@id='passwd']]
2022-05-18 13:05:900 INFO  SignInPage :65 - Clicking on SignIn[[ChromeDriver: chrome on WINDOWS (a499f00731667affcffb6f75b9603275)] -> xpath: //body[1]/div[1]/div[2]/div[1]/div[3]/div[1]/div[1]/div[2]/form[1]/div[1]/p[2]/button[1]/span[1]]
2022-05-18 13:05:946 INFO  SignInPage :96 - getting signout from Proxy element for: DefaultElementLocator 'By.xpath: //a[@title='Log me out']'
2022-05-18 14:05:343 INFO  ManageDriver :31 - Launching Chrome Browser
2022-05-18 14:05:535 INFO  HomePage :56 - Clicking on SignInHeader[[ChromeDriver: chrome on WINDOWS (dcf0a06c08cb16cc277eeb556321a2ec)] -> xpath: //a[contains(text(),'Sign in')]]
2022-05-18 14:05:617 INFO  CreateAccountPage :132 - Enter emailsoft243@gmail.com to email field [[ChromeDriver: chrome on WINDOWS (dcf0a06c08cb16cc277eeb556321a2ec)] -> xpath: //input[@id='email_create']]
2022-05-18 14:05:667 INFO  CreateAccountPage :114 - Clicking on CreateAccount[[ChromeDriver: chrome on WINDOWS (dcf0a06c08cb16cc277eeb556321a2ec)] -> xpath: //body[1]/div[1]/div[2]/div[1]/div[3]/div[1]/div[1]/div[1]/form[1]/div[1]/div[3]/button[1]/span[1]]
2022-05-18 14:05:482 INFO  CreateAccountPage :119 - Clicking on Gender button[[ChromeDriver: chrome on WINDOWS (dcf0a06c08cb16cc277eeb556321a2ec)] -> xpath: //input[@id='id_gender2']]
2022-05-18 14:05:498 INFO  CreateAccountPage :122 - Enter firstnameJohnato firstname field[[ChromeDriver: chrome on WINDOWS (dcf0a06c08cb16cc277eeb556321a2ec)] -> xpath: //input[@id='customer_firstname']]
2022-05-18 14:05:618 INFO  CreateAccountPage :127 - Enter LastNameSmith to email field [[ChromeDriver: chrome on WINDOWS (dcf0a06c08cb16cc277eeb556321a2ec)] -> xpath: //input[@id='customer_lastname']]
2022-05-18 14:05:694 INFO  CreateAccountPage :142 - Enter Password abc12345 to email field [[ChromeDriver: chrome on WINDOWS (dcf0a06c08cb16cc277eeb556321a2ec)] -> xpath: //input[@id='email']]
2022-05-18 14:05:770 INFO  CreateAccountPage :147 - Selecting day15 from dropdown [[ChromeDriver: chrome on WINDOWS (dcf0a06c08cb16cc277eeb556321a2ec)] -> xpath: //select[@id='days']]
2022-05-18 14:05:837 INFO  CreateAccountPage :152 - Selecting Month11 from dropdown [[ChromeDriver: chrome on WINDOWS (dcf0a06c08cb16cc277eeb556321a2ec)] -> id: months]
2022-05-18 14:05:896 INFO  CreateAccountPage :157 - Selecting Year2005 from dropdown [[ChromeDriver: chrome on WINDOWS (dcf0a06c08cb16cc277eeb556321a2ec)] -> id: years]
2022-05-18 14:05:965 INFO  CreateAccountPage :172 - Enter FirstnameMiss smith to email field [[ChromeDriver: chrome on WINDOWS (dcf0a06c08cb16cc277eeb556321a2ec)] -> xpath: //input[@id='firstname']]
2022-05-18 14:05:27 INFO  CreateAccountPage :178 - Enter address LastnameGeorge to email field [[ChromeDriver: chrome on WINDOWS (dcf0a06c08cb16cc277eeb556321a2ec)] -> xpath: //input[@id='lastname']]
2022-05-18 14:05:124 INFO  CreateAccountPage :183 - Enter address Companyjvc ltd to email field [[ChromeDriver: chrome on WINDOWS (dcf0a06c08cb16cc277eeb556321a2ec)] -> xpath: //input[@id='company']]
2022-05-18 14:05:184 INFO  CreateAccountPage :188 - Enter address office10,west town to email field [[ChromeDriver: chrome on WINDOWS (dcf0a06c08cb16cc277eeb556321a2ec)] -> xpath: //input[@id='address1']]
2022-05-18 14:05:233 INFO  CreateAccountPage :198 - Enter address CityLeedsto email field [[ChromeDriver: chrome on WINDOWS (dcf0a06c08cb16cc277eeb556321a2ec)] -> xpath: //input[@id='city']]
2022-05-18 14:05:293 INFO  CreateAccountPage :204 - Select address StateOhio to email field [[ChromeDriver: chrome on WINDOWS (dcf0a06c08cb16cc277eeb556321a2ec)] -> xpath: //select[@id='id_state']]
2022-05-18 14:05:351 INFO  CreateAccountPage :209 - Enter address ZipCode32184 to email field [[ChromeDriver: chrome on WINDOWS (dcf0a06c08cb16cc277eeb556321a2ec)] -> xpath: //input[@id='postcode']]
2022-05-18 14:05:387 INFO  CreateAccountPage :214 - Selecting address CountryUnited States from dropdown [[ChromeDriver: chrome on WINDOWS (dcf0a06c08cb16cc277eeb556321a2ec)] -> xpath: //select[@id='id_country']]
2022-05-18 14:05:444 INFO  CreateAccountPage :219 - Enter address AddInfo Nothing to email field [[ChromeDriver: chrome on WINDOWS (dcf0a06c08cb16cc277eeb556321a2ec)] -> xpath: //textarea[@id='other']]
2022-05-18 14:05:504 INFO  CreateAccountPage :224 - Enter address Homephone 0778456321 to email field [[ChromeDriver: chrome on WINDOWS (dcf0a06c08cb16cc277eeb556321a2ec)] -> xpath: //input[@id='phone']]
2022-05-18 14:05:567 INFO  CreateAccountPage :229 - Enter address Mobile phone 01574562112 to email field [[ChromeDriver: chrome on WINDOWS (dcf0a06c08cb16cc277eeb556321a2ec)] -> xpath: //input[@id='phone_mobile']]
2022-05-18 14:05:624 INFO  CreateAccountPage :193 - Enter addressLine210,Liverpool Street to email field [[ChromeDriver: chrome on WINDOWS (dcf0a06c08cb16cc277eeb556321a2ec)] -> xpath: //input[@id='address1']]
2022-05-18 14:05:574 INFO  CreateAccountPage :239 - Clicking on Register[[ChromeDriver: chrome on WINDOWS (dcf0a06c08cb16cc277eeb556321a2ec)] -> xpath: //body[1]/div[1]/div[2]/div[1]/div[3]/div[1]/div[1]/form[1]/div[4]/button[1]/span[1]]
2022-05-18 14:05:592 INFO  CreateAccountPage :243 - Verifying my account text[[ChromeDriver: chrome on WINDOWS (dcf0a06c08cb16cc277eeb556321a2ec)] -> xpath: //h1[contains(text(),'My account')]]
2022-05-18 14:05:642 INFO  SignInPage :74 - getting Authentification text from Proxy element for: DefaultElementLocator 'By.xpath: //h1[contains(text(),'Authentication')]'
2022-05-18 14:05:559 INFO  ManageDriver :31 - Launching Chrome Browser
2022-05-18 14:05:812 INFO  HomePage :56 - Clicking on SignInHeader[[ChromeDriver: chrome on WINDOWS (1b6249fb18cd3e4f3ef68df808d1a706)] -> xpath: //a[contains(text(),'Sign in')]]
2022-05-18 14:05:827 INFO  SignInPage :74 - getting Authentification text from [[ChromeDriver: chrome on WINDOWS (1b6249fb18cd3e4f3ef68df808d1a706)] -> xpath: //h1[contains(text(),'Authentication')]]
2022-05-18 14:05:601 INFO  ManageDriver :31 - Launching Chrome Browser
2022-05-18 14:05:209 INFO  HomePage :56 - Clicking on SignInHeader[[ChromeDriver: chrome on WINDOWS (a02983d1bf193c86d75e6fbe5667fed8)] -> xpath: //a[contains(text(),'Sign in')]]
2022-05-18 14:05:111 INFO  ManageDriver :31 - Launching Chrome Browser
2022-05-18 14:05:366 INFO  HomePage :56 - Clicking on SignInHeader[[ChromeDriver: chrome on WINDOWS (a0c951e6dfd2d629a997845d5d01aab5)] -> xpath: //a[contains(text(),'Sign in')]]
2022-05-18 14:05:410 INFO  SignInPage :74 - getting Authentification text from [[ChromeDriver: chrome on WINDOWS (a0c951e6dfd2d629a997845d5d01aab5)] -> xpath: //h1[contains(text(),'Authentication')]]
2022-05-18 14:05:319 INFO  ManageDriver :31 - Launching Chrome Browser
2022-05-18 14:05:475 INFO  HomePage :56 - Clicking on SignInHeader[[ChromeDriver: chrome on WINDOWS (e981cf0278b256aa09606ce6552a2971)] -> xpath: //a[contains(text(),'Sign in')]]
2022-05-18 14:05:527 INFO  SignInPage :55 - Enter email to email field [[ChromeDriver: chrome on WINDOWS (e981cf0278b256aa09606ce6552a2971)] -> xpath: //input[@id='email']]
2022-05-18 14:05:544 INFO  SignInPage :58 - Enter Password123456 to email field [[ChromeDriver: chrome on WINDOWS (e981cf0278b256aa09606ce6552a2971)] -> xpath: //input[@id='passwd']]
2022-05-18 14:05:523 INFO  SignInPage :65 - Clicking on SignIn[[ChromeDriver: chrome on WINDOWS (e981cf0278b256aa09606ce6552a2971)] -> xpath: //body[1]/div[1]/div[2]/div[1]/div[3]/div[1]/div[1]/div[2]/form[1]/div[1]/p[2]/button[1]/span[1]]
2022-05-18 14:05:546 INFO  SignInPage :88 - getting Error text from [[ChromeDriver: chrome on WINDOWS (e981cf0278b256aa09606ce6552a2971)] -> xpath: //div[@class='alert alert-danger']//li]
2022-05-18 14:05:329 INFO  ManageDriver :31 - Launching Chrome Browser
2022-05-18 14:05:154 INFO  HomePage :56 - Clicking on SignInHeader[[ChromeDriver: chrome on WINDOWS (26a29510303e507faf6b5307f3505473)] -> xpath: //a[contains(text(),'Sign in')]]
2022-05-18 14:05:211 INFO  SignInPage :55 - Enter emailabcd@gmail.com to email field [[ChromeDriver: chrome on WINDOWS (26a29510303e507faf6b5307f3505473)] -> xpath: //input[@id='email']]
2022-05-18 14:05:223 INFO  SignInPage :58 - Enter Password to email field [[ChromeDriver: chrome on WINDOWS (26a29510303e507faf6b5307f3505473)] -> xpath: //input[@id='passwd']]
2022-05-18 14:05:957 INFO  SignInPage :65 - Clicking on SignIn[[ChromeDriver: chrome on WINDOWS (26a29510303e507faf6b5307f3505473)] -> xpath: //body[1]/div[1]/div[2]/div[1]/div[3]/div[1]/div[1]/div[2]/form[1]/div[1]/p[2]/button[1]/span[1]]
2022-05-18 14:05:971 INFO  SignInPage :88 - getting Error text from [[ChromeDriver: chrome on WINDOWS (26a29510303e507faf6b5307f3505473)] -> xpath: //div[@class='alert alert-danger']//li]
2022-05-18 14:05:636 INFO  ManageDriver :31 - Launching Chrome Browser
2022-05-18 14:05:105 INFO  HomePage :56 - Clicking on SignInHeader[[ChromeDriver: chrome on WINDOWS (a89a8967b55f43ee9ba2b6b1f40d7d45)] -> xpath: //a[contains(text(),'Sign in')]]
2022-05-18 14:05:928 INFO  ManageDriver :31 - Launching Chrome Browser
2022-05-18 14:05:749 INFO  HomePage :56 - Clicking on SignInHeader[[ChromeDriver: chrome on WINDOWS (7de4e5c62ac80165f00a4adb60ca2d0d)] -> xpath: //a[contains(text(),'Sign in')]]
2022-05-18 14:05:808 INFO  SignInPage :55 - Enter emailabcd@gmail.com to email field [[ChromeDriver: chrome on WINDOWS (7de4e5c62ac80165f00a4adb60ca2d0d)] -> xpath: //input[@id='email']]
2022-05-18 14:05:822 INFO  SignInPage :58 - Enter Password123456 to email field [[ChromeDriver: chrome on WINDOWS (7de4e5c62ac80165f00a4adb60ca2d0d)] -> xpath: //input[@id='passwd']]
2022-05-18 14:05:548 INFO  SignInPage :65 - Clicking on SignIn[[ChromeDriver: chrome on WINDOWS (7de4e5c62ac80165f00a4adb60ca2d0d)] -> xpath: //body[1]/div[1]/div[2]/div[1]/div[3]/div[1]/div[1]/div[2]/form[1]/div[1]/p[2]/button[1]/span[1]]
2022-05-18 14:05:565 INFO  SignInPage :88 - getting Error text from [[ChromeDriver: chrome on WINDOWS (7de4e5c62ac80165f00a4adb60ca2d0d)] -> xpath: //div[@class='alert alert-danger']//li]
2022-05-18 14:05:269 INFO  ManageDriver :31 - Launching Chrome Browser
2022-05-18 14:05:439 INFO  HomePage :56 - Clicking on SignInHeader[[ChromeDriver: chrome on WINDOWS (5fcc6004081fc2c511149f46bdcc8a1f)] -> xpath: //a[contains(text(),'Sign in')]]
2022-05-18 14:05:501 INFO  SignInPage :55 - Enter emailsoft234@gmail.com to email field [[ChromeDriver: chrome on WINDOWS (5fcc6004081fc2c511149f46bdcc8a1f)] -> xpath: //input[@id='email']]
2022-05-18 14:05:515 INFO  SignInPage :58 - Enter Passwordabc12345 to email field [[ChromeDriver: chrome on WINDOWS (5fcc6004081fc2c511149f46bdcc8a1f)] -> xpath: //input[@id='passwd']]
2022-05-18 14:05:735 INFO  SignInPage :65 - Clicking on SignIn[[ChromeDriver: chrome on WINDOWS (5fcc6004081fc2c511149f46bdcc8a1f)] -> xpath: //body[1]/div[1]/div[2]/div[1]/div[3]/div[1]/div[1]/div[2]/form[1]/div[1]/p[2]/button[1]/span[1]]
2022-05-18 14:05:942 INFO  SignInPage :96 - getting signout from Proxy element for: DefaultElementLocator 'By.xpath: //a[@title='Log me out']'
2022-05-18 14:05:995 INFO  ManageDriver :31 - Launching Chrome Browser
2022-05-18 14:05:43 INFO  HomePage :56 - Clicking on SignInHeader[[ChromeDriver: chrome on WINDOWS (f3862080bb60d1050f1a4859f0f3d49e)] -> xpath: //a[contains(text(),'Sign in')]]
2022-05-18 14:05:103 INFO  SignInPage :55 - Enter emailtin@mail.com to email field [[ChromeDriver: chrome on WINDOWS (f3862080bb60d1050f1a4859f0f3d49e)] -> xpath: //input[@id='email']]
2022-05-18 14:05:119 INFO  SignInPage :58 - Enter Passwordabc123 to email field [[ChromeDriver: chrome on WINDOWS (f3862080bb60d1050f1a4859f0f3d49e)] -> xpath: //input[@id='passwd']]
2022-05-18 14:05:157 INFO  SignInPage :65 - Clicking on SignIn[[ChromeDriver: chrome on WINDOWS (f3862080bb60d1050f1a4859f0f3d49e)] -> xpath: //body[1]/div[1]/div[2]/div[1]/div[3]/div[1]/div[1]/div[2]/form[1]/div[1]/p[2]/button[1]/span[1]]
2022-05-18 14:05:616 INFO  SignInPage :93 - Clicking on SignOutLink[[ChromeDriver: chrome on WINDOWS (f3862080bb60d1050f1a4859f0f3d49e)] -> xpath: //header/div[2]/div[1]/div[1]/nav[1]/div[2]/a[1]]
2022-05-18 14:05:635 INFO  SignInPage :100 - getting signIn text from [[ChromeDriver: chrome on WINDOWS (f3862080bb60d1050f1a4859f0f3d49e)] -> xpath: //a[contains(text(),'Sign in')]]
2022-05-18 14:05:729 INFO  ManageDriver :31 - Launching Chrome Browser
2022-05-18 14:05:458 INFO  HomePage :56 - Clicking on SignInHeader[[ChromeDriver: chrome on WINDOWS (4a8996bbe7935a454d03a0a19b77631b)] -> xpath: //a[contains(text(),'Sign in')]]
2022-05-18 14:05:541 INFO  CreateAccountPage :132 - Enter emailsoft243@gmail.com to email field [[ChromeDriver: chrome on WINDOWS (4a8996bbe7935a454d03a0a19b77631b)] -> xpath: //input[@id='email_create']]
2022-05-18 14:05:589 INFO  CreateAccountPage :114 - Clicking on CreateAccount[[ChromeDriver: chrome on WINDOWS (4a8996bbe7935a454d03a0a19b77631b)] -> xpath: //body[1]/div[1]/div[2]/div[1]/div[3]/div[1]/div[1]/div[1]/form[1]/div[1]/div[3]/button[1]/span[1]]
2022-05-18 14:05:591 INFO  ManageDriver :31 - Launching Chrome Browser
2022-05-18 14:05:464 INFO  HomePage :56 - Clicking on SignInHeader[[ChromeDriver: chrome on WINDOWS (b1124ac8abac6de0da2f4124a386e714)] -> xpath: //a[contains(text(),'Sign in')]]
2022-05-18 14:05:480 INFO  SignInPage :74 - getting Authentification text from [[ChromeDriver: chrome on WINDOWS (b1124ac8abac6de0da2f4124a386e714)] -> xpath: //h1[contains(text(),'Authentication')]]
2022-05-18 14:05:164 INFO  ManageDriver :31 - Launching Chrome Browser
2022-05-18 14:05:517 INFO  HomePage :56 - Clicking on SignInHeader[[ChromeDriver: chrome on WINDOWS (9d25ee35505ae7c12afd6c1b18bad46f)] -> xpath: //a[contains(text(),'Sign in')]]
2022-05-18 14:05:562 INFO  SignInPage :55 - Enter email to email field [[ChromeDriver: chrome on WINDOWS (9d25ee35505ae7c12afd6c1b18bad46f)] -> xpath: //input[@id='email']]
2022-05-18 14:05:571 INFO  SignInPage :58 - Enter Password123456 to email field [[ChromeDriver: chrome on WINDOWS (9d25ee35505ae7c12afd6c1b18bad46f)] -> xpath: //input[@id='passwd']]
2022-05-18 14:05:265 INFO  SignInPage :65 - Clicking on SignIn[[ChromeDriver: chrome on WINDOWS (9d25ee35505ae7c12afd6c1b18bad46f)] -> xpath: //body[1]/div[1]/div[2]/div[1]/div[3]/div[1]/div[1]/div[2]/form[1]/div[1]/p[2]/button[1]/span[1]]
2022-05-18 14:05:283 INFO  SignInPage :88 - getting Error text from [[ChromeDriver: chrome on WINDOWS (9d25ee35505ae7c12afd6c1b18bad46f)] -> xpath: //div[@class='alert alert-danger']//li]
2022-05-18 14:05:933 INFO  ManageDriver :31 - Launching Chrome Browser
2022-05-18 14:05:239 INFO  HomePage :56 - Clicking on SignInHeader[[ChromeDriver: chrome on WINDOWS (d68b2f5be7978ce58df668fcc029b8b3)] -> xpath: //a[contains(text(),'Sign in')]]
2022-05-18 14:05:303 INFO  SignInPage :55 - Enter emailabcd@gmail.com to email field [[ChromeDriver: chrome on WINDOWS (d68b2f5be7978ce58df668fcc029b8b3)] -> xpath: //input[@id='email']]
2022-05-18 14:05:315 INFO  SignInPage :58 - Enter Password to email field [[ChromeDriver: chrome on WINDOWS (d68b2f5be7978ce58df668fcc029b8b3)] -> xpath: //input[@id='passwd']]
2022-05-18 14:05:340 INFO  SignInPage :65 - Clicking on SignIn[[ChromeDriver: chrome on WINDOWS (d68b2f5be7978ce58df668fcc029b8b3)] -> xpath: //body[1]/div[1]/div[2]/div[1]/div[3]/div[1]/div[1]/div[2]/form[1]/div[1]/p[2]/button[1]/span[1]]
2022-05-18 14:05:358 INFO  SignInPage :88 - getting Error text from [[ChromeDriver: chrome on WINDOWS (d68b2f5be7978ce58df668fcc029b8b3)] -> xpath: //div[@class='alert alert-danger']//li]
2022-05-18 14:05:11 INFO  ManageDriver :31 - Launching Chrome Browser
2022-05-18 14:05:139 INFO  HomePage :56 - Clicking on SignInHeader[[ChromeDriver: chrome on WINDOWS (770e0a248e73281c7068daff121e79ad)] -> xpath: //a[contains(text(),'Sign in')]]
2022-05-18 14:05:190 INFO  SignInPage :55 - Enter emailadfdfgfg to email field [[ChromeDriver: chrome on WINDOWS (770e0a248e73281c7068daff121e79ad)] -> xpath: //input[@id='email']]
2022-05-18 14:05:201 INFO  SignInPage :58 - Enter Password123456 to email field [[ChromeDriver: chrome on WINDOWS (770e0a248e73281c7068daff121e79ad)] -> xpath: //input[@id='passwd']]
2022-05-18 14:05:550 INFO  SignInPage :65 - Clicking on SignIn[[ChromeDriver: chrome on WINDOWS (770e0a248e73281c7068daff121e79ad)] -> xpath: //body[1]/div[1]/div[2]/div[1]/div[3]/div[1]/div[1]/div[2]/form[1]/div[1]/p[2]/button[1]/span[1]]
2022-05-18 14:05:564 INFO  SignInPage :88 - getting Error text from [[ChromeDriver: chrome on WINDOWS (770e0a248e73281c7068daff121e79ad)] -> xpath: //div[@class='alert alert-danger']//li]
2022-05-18 14:05:211 INFO  ManageDriver :31 - Launching Chrome Browser
2022-05-18 14:05:741 INFO  HomePage :56 - Clicking on SignInHeader[[ChromeDriver: chrome on WINDOWS (5e9e16fa25125ea58341f2eed6ff01a5)] -> xpath: //a[contains(text(),'Sign in')]]
2022-05-18 14:05:794 INFO  SignInPage :55 - Enter emailabcd@gmail.com to email field [[ChromeDriver: chrome on WINDOWS (5e9e16fa25125ea58341f2eed6ff01a5)] -> xpath: //input[@id='email']]
2022-05-18 14:05:807 INFO  SignInPage :58 - Enter Password123456 to email field [[ChromeDriver: chrome on WINDOWS (5e9e16fa25125ea58341f2eed6ff01a5)] -> xpath: //input[@id='passwd']]
2022-05-18 14:05:49 INFO  SignInPage :65 - Clicking on SignIn[[ChromeDriver: chrome on WINDOWS (5e9e16fa25125ea58341f2eed6ff01a5)] -> xpath: //body[1]/div[1]/div[2]/div[1]/div[3]/div[1]/div[1]/div[2]/form[1]/div[1]/p[2]/button[1]/span[1]]
2022-05-18 14:05:62 INFO  SignInPage :88 - getting Error text from [[ChromeDriver: chrome on WINDOWS (5e9e16fa25125ea58341f2eed6ff01a5)] -> xpath: //div[@class='alert alert-danger']//li]
2022-05-18 14:05:728 INFO  ManageDriver :31 - Launching Chrome Browser
2022-05-18 14:05:381 INFO  HomePage :56 - Clicking on SignInHeader[[ChromeDriver: chrome on WINDOWS (3f70b73a14b0fda13d0861493892c13a)] -> xpath: //a[contains(text(),'Sign in')]]
2022-05-18 14:05:455 INFO  SignInPage :55 - Enter emailsoft234@gmail.com to email field [[ChromeDriver: chrome on WINDOWS (3f70b73a14b0fda13d0861493892c13a)] -> xpath: //input[@id='email']]
2022-05-18 14:05:468 INFO  SignInPage :58 - Enter Passwordabc12345 to email field [[ChromeDriver: chrome on WINDOWS (3f70b73a14b0fda13d0861493892c13a)] -> xpath: //input[@id='passwd']]
2022-05-18 14:05:763 INFO  SignInPage :65 - Clicking on SignIn[[ChromeDriver: chrome on WINDOWS (3f70b73a14b0fda13d0861493892c13a)] -> xpath: //body[1]/div[1]/div[2]/div[1]/div[3]/div[1]/div[1]/div[2]/form[1]/div[1]/p[2]/button[1]/span[1]]
2022-05-18 14:05:784 INFO  SignInPage :96 - getting signout from Proxy element for: DefaultElementLocator 'By.xpath: //a[@title='Log me out']'
2022-05-18 14:05:778 INFO  ManageDriver :31 - Launching Chrome Browser
2022-05-18 14:05:664 INFO  HomePage :56 - Clicking on SignInHeader[[ChromeDriver: chrome on WINDOWS (12103ea8e056b76ef638bc74fe98fc1c)] -> xpath: //a[contains(text(),'Sign in')]]
2022-05-18 14:05:712 INFO  SignInPage :55 - Enter emailtin@mail.com to email field [[ChromeDriver: chrome on WINDOWS (12103ea8e056b76ef638bc74fe98fc1c)] -> xpath: //input[@id='email']]
2022-05-18 14:05:728 INFO  SignInPage :58 - Enter Passwordabc123 to email field [[ChromeDriver: chrome on WINDOWS (12103ea8e056b76ef638bc74fe98fc1c)] -> xpath: //input[@id='passwd']]
2022-05-18 14:05:372 INFO  SignInPage :65 - Clicking on SignIn[[ChromeDriver: chrome on WINDOWS (12103ea8e056b76ef638bc74fe98fc1c)] -> xpath: //body[1]/div[1]/div[2]/div[1]/div[3]/div[1]/div[1]/div[2]/form[1]/div[1]/p[2]/button[1]/span[1]]
2022-05-18 14:05:880 INFO  SignInPage :93 - Clicking on SignOutLink[[ChromeDriver: chrome on WINDOWS (12103ea8e056b76ef638bc74fe98fc1c)] -> xpath: //header/div[2]/div[1]/div[1]/nav[1]/div[2]/a[1]]
2022-05-18 14:05:892 INFO  SignInPage :100 - getting signIn text from [[ChromeDriver: chrome on WINDOWS (12103ea8e056b76ef638bc74fe98fc1c)] -> xpath: //a[contains(text(),'Sign in')]]
2022-05-18 14:05:516 INFO  ManageDriver :31 - Launching Chrome Browser
2022-05-18 14:05:852 INFO  HomePage :41 - Clicking on WomenHeader[[ChromeDriver: chrome on WINDOWS (a4e699da192da7d4c934d9675c03a2d4)] -> xpath: //header/div[3]/div[1]/div[1]/div[6]/ul[1]/li[1]/a[1]]
2022-05-18 14:05:866 INFO  WomenCategoryPage :87 - getting Women text from [[ChromeDriver: chrome on WINDOWS (a4e699da192da7d4c934d9675c03a2d4)] -> xpath: //span[@class='category-name']]
2022-05-18 14:05:505 INFO  ManageDriver :31 - Launching Chrome Browser
2022-05-18 14:05:856 INFO  HomePage :41 - Clicking on WomenHeader[[ChromeDriver: chrome on WINDOWS (e05da423f0d53b779961d567e6f38cc2)] -> xpath: //header/div[3]/div[1]/div[1]/div[6]/ul[1]/li[1]/a[1]]
2022-05-18 14:05:483 INFO  WomenCategoryPage :59 - Clicking on Blouse [[ChromeDriver: chrome on WINDOWS (e05da423f0d53b779961d567e6f38cc2)] -> xpath: //body/div[@id='page']/div[2]/div[1]/div[3]/div[2]/ul[1]/li[2]/div[1]/div[2]/h5[1]/a[1]]
2022-05-18 14:05:504 INFO  ProductPage :74 - clear Quantity[[ChromeDriver: chrome on WINDOWS (e05da423f0d53b779961d567e6f38cc2)] -> xpath: //input[@id='quantity_wanted']]
2022-05-18 14:05:573 INFO  ProductPage :80 - Enter email2 to email field [[ChromeDriver: chrome on WINDOWS (e05da423f0d53b779961d567e6f38cc2)] -> xpath: //input[@id='quantity_wanted']]
2022-05-18 14:05:656 INFO  ProductPage :85 - Selecting SizeM from dropdown [[ChromeDriver: chrome on WINDOWS (e05da423f0d53b779961d567e6f38cc2)] -> xpath: //select[@id='group_1']]
2022-05-18 14:05:703 INFO  ProductPage :95 - Clicking on AddToCart[[ChromeDriver: chrome on WINDOWS (e05da423f0d53b779961d567e6f38cc2)] -> xpath: //span[contains(text(),'Add to cart')]]
2022-05-18 14:05:732 INFO  ProductPage :104 - getting Product Added To CartMessage from [[ChromeDriver: chrome on WINDOWS (e05da423f0d53b779961d567e6f38cc2)] -> xpath: //h2[normalize-space()='Product successfully added to your shopping cart']]
2022-05-18 14:05:778 INFO  ProductPage :109 - Clicking on CloseButton[[ChromeDriver: chrome on WINDOWS (e05da423f0d53b779961d567e6f38cc2)] -> xpath: //span[@title='Close window']]
2022-05-18 14:05:424 INFO  ManageDriver :31 - Launching Chrome Browser
2022-05-18 14:05:339 INFO  HomePage :41 - Clicking on WomenHeader[[ChromeDriver: chrome on WINDOWS (4aa06ebd4ebb1b1404c6cb2beb515f8e)] -> xpath: //header/div[3]/div[1]/div[1]/div[6]/ul[1]/li[1]/a[1]]
2022-05-18 14:05:356 INFO  WomenCategoryPage :63 - Clicking on Printed Dress [[ChromeDriver: chrome on WINDOWS (4aa06ebd4ebb1b1404c6cb2beb515f8e)] -> xpath: //body/div[@id='page']/div[2]/div[1]/div[3]/div[2]/ul[1]/li[1]/div[1]/div[2]/h5[1]/a[1]]
2022-05-18 14:05:748 INFO  ProductPage :74 - clear Quantity[[ChromeDriver: chrome on WINDOWS (4aa06ebd4ebb1b1404c6cb2beb515f8e)] -> xpath: //input[@id='quantity_wanted']]
2022-05-18 14:05:801 INFO  ProductPage :80 - Enter email3 to email field [[ChromeDriver: chrome on WINDOWS (4aa06ebd4ebb1b1404c6cb2beb515f8e)] -> xpath: //input[@id='quantity_wanted']]
2022-05-18 14:05:861 INFO  ProductPage :85 - Selecting SizeL from dropdown [[ChromeDriver: chrome on WINDOWS (4aa06ebd4ebb1b1404c6cb2beb515f8e)] -> xpath: //select[@id='group_1']]
2022-05-18 14:05:904 INFO  ProductPage :95 - Clicking on AddToCart[[ChromeDriver: chrome on WINDOWS (4aa06ebd4ebb1b1404c6cb2beb515f8e)] -> xpath: //span[contains(text(),'Add to cart')]]
2022-05-18 14:05:933 INFO  ProductPage :104 - getting Product Added To CartMessage from [[ChromeDriver: chrome on WINDOWS (4aa06ebd4ebb1b1404c6cb2beb515f8e)] -> xpath: //h2[normalize-space()='Product successfully added to your shopping cart']]
2022-05-18 14:05:739 INFO  ManageDriver :31 - Launching Chrome Browser
2022-05-18 14:05:102 INFO  HomePage :41 - Clicking on WomenHeader[[ChromeDriver: chrome on WINDOWS (7f29fd90570b90cf55bc3496db6e36ea)] -> xpath: //header/div[3]/div[1]/div[1]/div[6]/ul[1]/li[1]/a[1]]
2022-05-18 14:05:821 INFO  ManageDriver :31 - Launching Chrome Browser
2022-05-18 14:05:236 INFO  HomePage :41 - Clicking on WomenHeader[[ChromeDriver: chrome on WINDOWS (85b42a34706fd4c1310a7da486b28c71)] -> xpath: //header/div[3]/div[1]/div[1]/div[6]/ul[1]/li[1]/a[1]]
2022-05-18 14:05:414 INFO  WomenCategoryPage :72 - Clicking on Printed Summer Dress with Price tag $28.98 [[ChromeDriver: chrome on WINDOWS (85b42a34706fd4c1310a7da486b28c71)] -> xpath: //body/div[@id='page']/div[2]/div[1]/div[3]/div[2]/ul[1]/li[3]/div[1]/div[2]/h5[1]/a[1]]
2022-05-18 14:05:437 INFO  ProductPage :74 - clear Quantity[[ChromeDriver: chrome on WINDOWS (85b42a34706fd4c1310a7da486b28c71)] -> xpath: //input[@id='quantity_wanted']]
2022-05-18 14:05:537 INFO  ProductPage :80 - Enter email2 to email field [[ChromeDriver: chrome on WINDOWS (85b42a34706fd4c1310a7da486b28c71)] -> xpath: //input[@id='quantity_wanted']]
2022-05-18 14:05:606 INFO  ProductPage :85 - Selecting SizeM from dropdown [[ChromeDriver: chrome on WINDOWS (85b42a34706fd4c1310a7da486b28c71)] -> xpath: //select[@id='group_1']]
2022-05-18 14:05:657 INFO  ProductPage :95 - Clicking on AddToCart[[ChromeDriver: chrome on WINDOWS (85b42a34706fd4c1310a7da486b28c71)] -> xpath: //span[contains(text(),'Add to cart')]]
2022-05-18 14:05:693 INFO  ProductPage :104 - getting Product Added To CartMessage from [[ChromeDriver: chrome on WINDOWS (85b42a34706fd4c1310a7da486b28c71)] -> xpath: //h2[normalize-space()='Product successfully added to your shopping cart']]
